#
# A fatal error has been detected by the Java Runtime Environment:
#
#  Internal Error (generateOopMap.cpp:2164), pid=5815, tid=25859
#  fatal error: Illegal class file encountered. Try running with -Xverify:all in method insertWorkDailyReport
#
# JRE version: OpenJDK Runtime Environment AdoptOpenJDK (11.0.8+10) (build 11.0.8+10)
# Java VM: OpenJDK 64-Bit Server VM AdoptOpenJDK (11.0.8+10, mixed mode, tiered, compressed oops, g1 gc, bsd-amd64)
# No core dump will be written. Core dumps have been disabled. To enable core dumping, try "ulimit -c unlimited" before starting Java again
#
# If you would like to submit a bug report, please visit:
#   https://github.com/AdoptOpenJDK/openjdk-support/issues
#

---------------  S U M M A R Y ------------

Command Line: -agentlib:jdwp=transport=dt_socket,suspend=y,address=localhost:54269 -Dcom.sun.management.jmxremote -Dcom.sun.management.jmxremote.port=54264 -Dcom.sun.management.jmxremote.authenticate=false -Dcom.sun.management.jmxremote.ssl=false -Djava.rmi.server.hostname=localhost -Dspring.jmx.enabled=true -Dspring.application.admin.enabled=true -Djava.security.egd=file:/dev/./urandom -Xverify:none -XX:TieredStopAtLevel=1 -Dspring.boot.project.name=KintaiKanri -javaagent:/Applications/SpringToolSuite4.app/Contents/Eclipse/configuration/org.eclipse.osgi/255/0/.cp/lib/javaagent-shaded.jar -Dfile.encoding=UTF-8 jp.co.senshinsoft.KintaiKanriApplication --spring.output.ansi.enabled=always

Host: MacBookPro14,1 x86_64 2300 MHz, 4 cores, 8G, Darwin 19.6.0
Time: Mon Nov  2 16:23:19 2020 JST elapsed time: 1002 seconds (0d 0h 16m 42s)

---------------  T H R E A D  ---------------

Current thread (0x00007fe61aaef000):  GCTaskThread "GC Thread#2" [stack: 0x000070000444c000,0x000070000454c000] [id=25859]

Stack: [0x000070000444c000,0x000070000454c000],  sp=0x0000700004549dc0,  free space=1015k
Native frames: (J=compiled Java code, A=aot compiled Java code, j=interpreted, Vv=VM code, C=native code)
V  [libjvm.dylib+0x741a2f]  _ZN7VMError14report_and_dieEiPKcS1_P13__va_list_tagP6ThreadPhPvS7_S1_im+0x64f
V  [libjvm.dylib+0x74212b]  _ZN7VMError14report_and_dieEP6ThreadPvPKciS4_S4_P13__va_list_tag+0x47
V  [libjvm.dylib+0x261c3c]  _Z12report_fatalPKciS0_z+0xb5
V  [libjvm.dylib+0x34b75b]  _ZN14GenerateOopMap10error_workEPKcP13__va_list_tag+0xe7
V  [libjvm.dylib+0x34861a]  _ZN14GenerateOopMap12report_errorEPKcz+0x7c
V  [libjvm.dylib+0x34a812]  _ZN14GenerateOopMap6pploadEP13CellTypeStatei+0x4e
V  [libjvm.dylib+0x3492e9]  _ZN14GenerateOopMap9interp_bbEP10BasicBlock+0xdb
V  [libjvm.dylib+0x348fda]  _ZN14GenerateOopMap10interp_allEv+0x3c
V  [libjvm.dylib+0x348c87]  _ZN14GenerateOopMap17do_interpretationEv+0x4b
V  [libjvm.dylib+0x34b58e]  _ZN14GenerateOopMap11compute_mapEP6Thread+0x164
V  [libjvm.dylib+0x5e8b0f]  _ZN19OopMapForCacheEntry11compute_mapEP6Thread+0x51
V  [libjvm.dylib+0x5e92f8]  _ZN16OopMapCacheEntry4fillERK12methodHandlei+0xac
V  [libjvm.dylib+0x5e98d3]  _ZN11OopMapCache6lookupERK12methodHandleiP17InterpreterOopMap+0x145
V  [libjvm.dylib+0x5adf09]  _ZN6Method8mask_forEiP17InterpreterOopMap+0x6d
V  [libjvm.dylib+0x2e366f]  _ZN5frame19oops_interpreted_doEP10OopClosurePK11RegisterMapb+0x241
V  [libjvm.dylib+0x6ee4fb]  _ZN10JavaThread7oops_doEP10OopClosureP15CodeBlobClosure+0x135
V  [libjvm.dylib+0x6ef56c]  _ZN7Threads28possibly_parallel_threads_doEbP13ThreadClosure+0x7a
V  [libjvm.dylib+0x6f0fbe]  _ZN7Threads25possibly_parallel_oops_doEbP10OopClosureP15CodeBlobClosure+0x26
V  [libjvm.dylib+0x332335]  _ZN15G1RootProcessor18process_java_rootsEP14G1RootClosuresP14G1GCPhaseTimesj+0xad
V  [libjvm.dylib+0x332592]  _ZN15G1RootProcessor20process_strong_rootsEP10OopClosureP10CLDClosureP15CodeBlobClosure+0x34
V  [libjvm.dylib+0x3104cb]  _ZN16G1FullGCMarkTask4workEj+0x97
V  [libjvm.dylib+0x769abd]  _ZN10GangWorker4loopEv+0x43
V  [libjvm.dylib+0x6ea406]  _ZN6Thread8call_runEv+0x68
V  [libjvm.dylib+0x5f2233]  _ZL19thread_native_entryP6Thread+0x139
C  [libsystem_pthread.dylib+0x6109]  _pthread_start+0x94
C  [libsystem_pthread.dylib+0x1b8b]  thread_start+0xf

JavaThread 0x00007fe61b495800 (nid = 84739) was being processed
Java frames: (J=compiled Java code, j=interpreted, Vv=VM code)
j  jp.co.senshinsoft.web.KK04001Controller.insertWorkDailyReport(Ljp/co/senshinsoft/web/KK04001Form;Lorg/springframework/validation/BindingResult;Lorg/springframework/ui/Model;Lorg/springframework/web/servlet/mvc/support/RedirectAttributes;)Ljava/lang/String;+857
v  ~StubRoutines::call_stub
J 2889  jdk.internal.reflect.NativeMethodAccessorImpl.invoke0(Ljava/lang/reflect/Method;Ljava/lang/Object;[Ljava/lang/Object;)Ljava/lang/Object; java.base@11.0.8 (0 bytes) @ 0x00000001149d5fc7 [0x00000001149d5f40+0x0000000000000087]
J 2538 c1 jdk.internal.reflect.NativeMethodAccessorImpl.invoke(Ljava/lang/Object;[Ljava/lang/Object;)Ljava/lang/Object; java.base@11.0.8 (104 bytes) @ 0x000000011493d08c [0x000000011493cca0+0x00000000000003ec]
J 2531 c1 jdk.internal.reflect.DelegatingMethodAccessorImpl.invoke(Ljava/lang/Object;[Ljava/lang/Object;)Ljava/lang/Object; java.base@11.0.8 (10 bytes) @ 0x000000011493a2a4 [0x000000011493a240+0x0000000000000064]
J 2537 c1 java.lang.reflect.Method.invoke(Ljava/lang/Object;[Ljava/lang/Object;)Ljava/lang/Object; java.base@11.0.8 (65 bytes) @ 0x000000011493c884 [0x000000011493c760+0x0000000000000124]
j  org.springframework.web.method.support.InvocableHandlerMethod.doInvoke([Ljava/lang/Object;)Ljava/lang/Object;+16
j  org.springframework.web.method.support.InvocableHandlerMethod.invokeForRequest(Lorg/springframework/web/context/request/NativeWebRequest;Lorg/springframework/web/method/support/ModelAndViewContainer;[Ljava/lang/Object;)Ljava/lang/Object;+56
j  org.springframework.web.servlet.mvc.method.annotation.ServletInvocableHandlerMethod.invokeAndHandle(Lorg/springframework/web/context/request/ServletWebRequest;Lorg/springframework/web/method/support/ModelAndViewContainer;[Ljava/lang/Object;)V+4
j  org.springframework.web.servlet.mvc.method.annotation.RequestMappingHandlerAdapter.invokeHandlerMethod(Ljavax/servlet/http/HttpServletRequest;Ljavax/servlet/http/HttpServletResponse;Lorg/springframework/web/method/HandlerMethod;)Lorg/springframework/web/servlet/ModelAndView;+244
j  org.springframework.web.servlet.mvc.method.annotation.RequestMappingHandlerAdapter.handleInternal(Ljavax/servlet/http/HttpServletRequest;Ljavax/servlet/http/HttpServletResponse;Lorg/springframework/web/method/HandlerMethod;)Lorg/springframework/web/servlet/ModelAndView;+81
j  org.springframework.web.servlet.mvc.method.AbstractHandlerMethodAdapter.handle(Ljavax/servlet/http/HttpServletRequest;Ljavax/servlet/http/HttpServletResponse;Ljava/lang/Object;)Lorg/springframework/web/servlet/ModelAndView;+7
j  org.springframework.web.servlet.DispatcherServlet.doDispatch(Ljavax/servlet/http/HttpServletRequest;Ljavax/servlet/http/HttpServletResponse;)V+257
j  org.springframework.web.servlet.DispatcherServlet.doService(Ljavax/servlet/http/HttpServletRequest;Ljavax/servlet/http/HttpServletResponse;)V+212
j  org.springframework.web.servlet.FrameworkServlet.processRequest(Ljavax/servlet/http/HttpServletRequest;Ljavax/servlet/http/HttpServletResponse;)V+71
j  org.springframework.web.servlet.FrameworkServlet.doPost(Ljavax/servlet/http/HttpServletRequest;Ljavax/servlet/http/HttpServletResponse;)V+3
j  javax.servlet.http.HttpServlet.service(Ljavax/servlet/http/HttpServletRequest;Ljavax/servlet/http/HttpServletResponse;)V+149
j  org.springframework.web.servlet.FrameworkServlet.service(Ljavax/servlet/http/HttpServletRequest;Ljavax/servlet/http/HttpServletResponse;)V+33
j  javax.servlet.http.HttpServlet.service(Ljavax/servlet/ServletRequest;Ljavax/servlet/ServletResponse;)V+36
j  org.apache.catalina.core.ApplicationFilterChain.internalDoFilter(Ljavax/servlet/ServletRequest;Ljavax/servlet/ServletResponse;)V+304
j  org.apache.catalina.core.ApplicationFilterChain.doFilter(Ljavax/servlet/ServletRequest;Ljavax/servlet/ServletResponse;)V+101
j  org.apache.tomcat.websocket.server.WsFilter.doFilter(Ljavax/servlet/ServletRequest;Ljavax/servlet/ServletResponse;Ljavax/servlet/FilterChain;)V+21
j  org.apache.catalina.core.ApplicationFilterChain.internalDoFilter(Ljavax/servlet/ServletRequest;Ljavax/servlet/ServletResponse;)V+135
j  org.apache.catalina.core.ApplicationFilterChain.doFilter(Ljavax/servlet/ServletRequest;Ljavax/servlet/ServletResponse;)V+101
j  org.springframework.security.web.FilterChainProxy$VirtualFilterChain.doFilter(Ljavax/servlet/ServletRequest;Ljavax/servlet/ServletResponse;)V+68
j  org.springframework.security.web.access.intercept.FilterSecurityInterceptor.invoke(Lorg/springframework/security/web/FilterInvocation;)V+94
j  org.springframework.security.web.access.intercept.FilterSecurityInterceptor.doFilter(Ljavax/servlet/ServletRequest;Ljavax/servlet/ServletResponse;Ljavax/servlet/FilterChain;)V+15
j  org.springframework.security.web.FilterChainProxy$VirtualFilterChain.doFilter(Ljavax/servlet/ServletRequest;Ljavax/servlet/ServletResponse;)V+192
j  org.springframework.security.web.access.ExceptionTranslationFilter.doFilter(Ljavax/servlet/ServletRequest;Ljavax/servlet/ServletResponse;Ljavax/servlet/FilterChain;)V+17
j  org.springframework.security.web.FilterChainProxy$VirtualFilterChain.doFilter(Ljavax/servlet/ServletRequest;Ljavax/servlet/ServletResponse;)V+192
j  org.springframework.security.web.session.SessionManagementFilter.doFilter(Ljavax/servlet/ServletRequest;Ljavax/servlet/ServletResponse;Ljavax/servlet/FilterChain;)V+258
j  org.springframework.security.web.FilterChainProxy$VirtualFilterChain.doFilter(Ljavax/servlet/ServletRequest;Ljavax/servlet/ServletResponse;)V+192
j  org.springframework.security.web.authentication.AnonymousAuthenticationFilter.doFilter(Ljavax/servlet/ServletRequest;Ljavax/servlet/ServletResponse;Ljavax/servlet/FilterChain;)V+137
j  org.springframework.security.web.FilterChainProxy$VirtualFilterChain.doFilter(Ljavax/servlet/ServletRequest;Ljavax/servlet/ServletResponse;)V+192
j  org.springframework.security.web.servletapi.SecurityContextHolderAwareRequestFilter.doFilter(Ljavax/servlet/ServletRequest;Ljavax/servlet/ServletResponse;Ljavax/servlet/FilterChain;)V+19
j  org.springframework.security.web.FilterChainProxy$VirtualFilterChain.doFilter(Ljavax/servlet/ServletRequest;Ljavax/servlet/ServletResponse;)V+192
j  org.springframework.security.web.savedrequest.RequestCacheAwareFilter.doFilter(Ljavax/servlet/ServletRequest;Ljavax/servlet/ServletResponse;Ljavax/servlet/FilterChain;)V+32
j  org.springframework.security.web.FilterChainProxy$VirtualFilterChain.doFilter(Ljavax/servlet/ServletRequest;Ljavax/servlet/ServletResponse;)V+192
j  org.springframework.security.web.authentication.AbstractAuthenticationProcessingFilter.doFilter(Ljavax/servlet/ServletRequest;Ljavax/servlet/ServletResponse;Ljavax/servlet/FilterChain;)V+28
j  org.springframework.security.web.FilterChainProxy$VirtualFilterChain.doFilter(Ljavax/servlet/ServletRequest;Ljavax/servlet/ServletResponse;)V+192
j  org.springframework.security.web.authentication.logout.LogoutFilter.doFilter(Ljavax/servlet/ServletRequest;Ljavax/servlet/ServletResponse;Ljavax/servlet/FilterChain;)V+115
j  org.springframework.security.web.FilterChainProxy$VirtualFilterChain.doFilter(Ljavax/servlet/ServletRequest;Ljavax/servlet/ServletResponse;)V+192
j  org.springframework.security.web.csrf.CsrfFilter.doFilterInternal(Ljavax/servlet/http/HttpServletRequest;Ljavax/servlet/http/HttpServletResponse;Ljavax/servlet/FilterChain;)V+263
j  org.springframework.web.filter.OncePerRequestFilter.doFilter(Ljavax/servlet/ServletRequest;Ljavax/servlet/ServletResponse;Ljavax/servlet/FilterChain;)V+147
j  org.springframework.security.web.FilterChainProxy$VirtualFilterChain.doFilter(Ljavax/servlet/ServletRequest;Ljavax/servlet/ServletResponse;)V+192
j  org.springframework.security.web.header.HeaderWriterFilter.doHeadersAfter(Ljavax/servlet/http/HttpServletRequest;Ljavax/servlet/http/HttpServletResponse;Ljavax/servlet/FilterChain;)V+29
j  org.springframework.security.web.header.HeaderWriterFilter.doFilterInternal(Ljavax/servlet/http/HttpServletRequest;Ljavax/servlet/http/HttpServletResponse;Ljavax/servlet/FilterChain;)V+21
j  org.springframework.web.filter.OncePerRequestFilter.doFilter(Ljavax/servlet/ServletRequest;Ljavax/servlet/ServletResponse;Ljavax/servlet/FilterChain;)V+147
j  org.springframework.security.web.FilterChainProxy$VirtualFilterChain.doFilter(Ljavax/servlet/ServletRequest;Ljavax/servlet/ServletResponse;)V+192
j  org.springframework.security.web.context.SecurityContextPersistenceFilter.doFilter(Ljavax/servlet/ServletRequest;Ljavax/servlet/ServletResponse;Ljavax/servlet/FilterChain;)V+165
j  org.springframework.security.web.FilterChainProxy$VirtualFilterChain.doFilter(Ljavax/servlet/ServletRequest;Ljavax/servlet/ServletResponse;)V+192
j  org.springframework.security.web.context.request.async.WebAsyncManagerIntegrationFilter.doFilterInternal(Ljavax/servlet/http/HttpServletRequest;Ljavax/servlet/http/HttpServletResponse;Ljavax/servlet/FilterChain;)V+42
j  org.springframework.web.filter.OncePerRequestFilter.doFilter(Ljavax/servlet/ServletRequest;Ljavax/servlet/ServletResponse;Ljavax/servlet/FilterChain;)V+147
j  org.springframework.security.web.FilterChainProxy$VirtualFilterChain.doFilter(Ljavax/servlet/ServletRequest;Ljavax/servlet/ServletResponse;)V+192
j  org.springframework.security.web.FilterChainProxy.doFilterInternal(Ljavax/servlet/ServletRequest;Ljavax/servlet/ServletResponse;Ljavax/servlet/FilterChain;)V+142
j  org.springframework.security.web.FilterChainProxy.doFilter(Ljavax/servlet/ServletRequest;Ljavax/servlet/ServletResponse;Ljavax/servlet/FilterChain;)V+40
j  org.springframework.web.filter.DelegatingFilterProxy.invokeDelegate(Ljavax/servlet/Filter;Ljavax/servlet/ServletRequest;Ljavax/servlet/ServletResponse;Ljavax/servlet/FilterChain;)V+5
j  org.springframework.web.filter.DelegatingFilterProxy.doFilter(Ljavax/servlet/ServletRequest;Ljavax/servlet/ServletResponse;Ljavax/servlet/FilterChain;)V+85
j  org.apache.catalina.core.ApplicationFilterChain.internalDoFilter(Ljavax/servlet/ServletRequest;Ljavax/servlet/ServletResponse;)V+135
j  org.apache.catalina.core.ApplicationFilterChain.doFilter(Ljavax/servlet/ServletRequest;Ljavax/servlet/ServletResponse;)V+101
j  org.springframework.web.filter.RequestContextFilter.doFilterInternal(Ljavax/servlet/http/HttpServletRequest;Ljavax/servlet/http/HttpServletResponse;Ljavax/servlet/FilterChain;)V+21
j  org.springframework.web.filter.OncePerRequestFilter.doFilter(Ljavax/servlet/ServletRequest;Ljavax/servlet/ServletResponse;Ljavax/servlet/FilterChain;)V+147
j  org.apache.catalina.core.ApplicationFilterChain.internalDoFilter(Ljavax/servlet/ServletRequest;Ljavax/servlet/ServletResponse;)V+135
j  org.apache.catalina.core.ApplicationFilterChain.doFilter(Ljavax/servlet/ServletRequest;Ljavax/servlet/ServletResponse;)V+101
j  org.springframework.web.filter.FormContentFilter.doFilterInternal(Ljavax/servlet/http/HttpServletRequest;Ljavax/servlet/http/HttpServletResponse;Ljavax/servlet/FilterChain;)V+38
j  org.springframework.web.filter.OncePerRequestFilter.doFilter(Ljavax/servlet/ServletRequest;Ljavax/servlet/ServletResponse;Ljavax/servlet/FilterChain;)V+147
j  org.apache.catalina.core.ApplicationFilterChain.internalDoFilter(Ljavax/servlet/ServletRequest;Ljavax/servlet/ServletResponse;)V+135
j  org.apache.catalina.core.ApplicationFilterChain.doFilter(Ljavax/servlet/ServletRequest;Ljavax/servlet/ServletResponse;)V+101
j  org.springframework.web.filter.CharacterEncodingFilter.doFilterInternal(Ljavax/servlet/http/HttpServletRequest;Ljavax/servlet/http/HttpServletResponse;Ljavax/servlet/FilterChain;)V+53
j  org.springframework.web.filter.OncePerRequestFilter.doFilter(Ljavax/servlet/ServletRequest;Ljavax/servlet/ServletResponse;Ljavax/servlet/FilterChain;)V+147
j  org.apache.catalina.core.ApplicationFilterChain.internalDoFilter(Ljavax/servlet/ServletRequest;Ljavax/servlet/ServletResponse;)V+135
j  org.apache.catalina.core.ApplicationFilterChain.doFilter(Ljavax/servlet/ServletRequest;Ljavax/servlet/ServletResponse;)V+101
j  org.apache.catalina.core.StandardWrapperValve.invoke(Lorg/apache/catalina/connector/Request;Lorg/apache/catalina/connector/Response;)V+694
j  org.apache.catalina.core.StandardContextValve.invoke(Lorg/apache/catalina/connector/Request;Lorg/apache/catalina/connector/Response;)V+169
j  org.apache.catalina.authenticator.AuthenticatorBase.invoke(Lorg/apache/catalina/connector/Request;Lorg/apache/catalina/connector/Response;)V+260
j  org.apache.catalina.core.StandardHostValve.invoke(Lorg/apache/catalina/connector/Request;Lorg/apache/catalina/connector/Response;)V+128
j  org.apache.catalina.valves.ErrorReportValve.invoke(Lorg/apache/catalina/connector/Request;Lorg/apache/catalina/connector/Response;)V+6
j  org.apache.catalina.core.StandardEngineValve.invoke(Lorg/apache/catalina/connector/Request;Lorg/apache/catalina/connector/Response;)V+59
j  org.apache.catalina.connector.CoyoteAdapter.service(Lorg/apache/coyote/Request;Lorg/apache/coyote/Response;)V+199
j  org.apache.coyote.http11.Http11Processor.service(Lorg/apache/tomcat/util/net/SocketWrapperBase;)Lorg/apache/tomcat/util/net/AbstractEndpoint$Handler$SocketState;+735
j  org.apache.coyote.AbstractProcessorLight.process(Lorg/apache/tomcat/util/net/SocketWrapperBase;Lorg/apache/tomcat/util/net/SocketEvent;)Lorg/apache/tomcat/util/net/AbstractEndpoint$Handler$SocketState;+170
j  org.apache.coyote.AbstractProtocol$ConnectionHandler.process(Lorg/apache/tomcat/util/net/SocketWrapperBase;Lorg/apache/tomcat/util/net/SocketEvent;)Lorg/apache/tomcat/util/net/AbstractEndpoint$Handler$SocketState;+505
j  org.apache.tomcat.util.net.NioEndpoint$SocketProcessor.doRun()V+214
j  org.apache.tomcat.util.net.SocketProcessorBase.run()V+21
j  java.util.concurrent.ThreadPoolExecutor.runWorker(Ljava/util/concurrent/ThreadPoolExecutor$Worker;)V+92 java.base@11.0.8
j  java.util.concurrent.ThreadPoolExecutor$Worker.run()V+5 java.base@11.0.8
j  org.apache.tomcat.util.threads.TaskThread$WrappingRunnable.run()V+4
j  java.lang.Thread.run()V+11 java.base@11.0.8
v  ~StubRoutines::call_stub

---------------  P R O C E S S  ---------------

Threads class SMR info:
_java_thread_list=0x00007fe61ce799c0, length=22, elements={
0x00007fe61a048800, 0x00007fe61a04d800, 0x00007fe61a852000, 0x00007fe61a85c800,
0x00007fe61a85d800, 0x00007fe61b040000, 0x00007fe61a0c5800, 0x00007fe61a8a8000,
0x00007fe61a8a9000, 0x00007fe61a9d8000, 0x00007fe61aafb800, 0x00007fe61b15a000,
0x00007fe61a114800, 0x00007fe61ab11000, 0x00007fe61b252000, 0x00007fe61ab24000,
0x00007fe61a2c6000, 0x00007fe61a3b1000, 0x00007fe61ae87800, 0x00007fe61b495800,
0x00007fe61ab34800, 0x00007fe61af50000
}

Java Threads: ( => current thread )
  0x00007fe61a048800 JavaThread "Reference Handler" daemon [_thread_blocked, id=18435, stack(0x000070000361f000,0x000070000371f000)]
  0x00007fe61a04d800 JavaThread "Finalizer" daemon [_thread_blocked, id=17923, stack(0x0000700003722000,0x0000700003822000)]
  0x00007fe61a852000 JavaThread "Signal Dispatcher" daemon [_thread_blocked, id=15363, stack(0x000070000392b000,0x0000700003a2b000)]
  0x00007fe61a85c800 JavaThread "C1 CompilerThread0" daemon [_thread_blocked, id=22019, stack(0x0000700003a2e000,0x0000700003b2e000)]
  0x00007fe61a85d800 JavaThread "Sweeper thread" daemon [_thread_blocked, id=43011, stack(0x0000700003b31000,0x0000700003c31000)]
  0x00007fe61b040000 JavaThread "Common-Cleaner" daemon [_thread_blocked, id=42499, stack(0x0000700003c34000,0x0000700003d34000)]
  0x00007fe61a0c5800 JavaThread "JDWP Transport Listener: dt_socket" daemon [_thread_blocked, id=22787, stack(0x0000700003d37000,0x0000700003e37000)]
  0x00007fe61a8a8000 JavaThread "JDWP Event Helper Thread" daemon [_thread_blocked, id=23299, stack(0x0000700003e3a000,0x0000700003f3a000)]
  0x00007fe61a8a9000 JavaThread "JDWP Command Reader" daemon [_thread_in_native, id=41475, stack(0x0000700003f3d000,0x000070000403d000)]
  0x00007fe61a9d8000 JavaThread "Service Thread" daemon [_thread_blocked, id=24323, stack(0x0000700004040000,0x0000700004140000)]
  0x00007fe61aafb800 JavaThread "RMI TCP Accept-0" daemon [_thread_in_native, id=25091, stack(0x0000700004143000,0x0000700004243000)]
  0x00007fe61b15a000 JavaThread "RMI TCP Accept-54264" daemon [_thread_in_native, id=40707, stack(0x0000700004246000,0x0000700004346000)]
  0x00007fe61a114800 JavaThread "RMI TCP Accept-0" daemon [_thread_in_native, id=26627, stack(0x0000700004652000,0x0000700004752000)]
  0x00007fe61ab11000 JavaThread "RMI TCP Connection(idle)" daemon [_thread_blocked, id=38403, stack(0x000070000495b000,0x0000700004a5b000)]
  0x00007fe61b252000 JavaThread "RMI Scheduler(0)" daemon [_thread_blocked, id=38147, stack(0x0000700004a5e000,0x0000700004b5e000)]
  0x00007fe61ab24000 JavaThread "JMX server connection timeout 21" daemon [_thread_blocked, id=28419, stack(0x0000700004b61000,0x0000700004c61000)]
  0x00007fe61a2c6000 JavaThread "Attach Listener" daemon [_thread_blocked, id=29443, stack(0x0000700004f6d000,0x000070000506d000)]
  0x00007fe61a3b1000 JavaThread "mysql-cj-abandoned-connection-cleanup" daemon [_thread_blocked, id=35075, stack(0x0000700005379000,0x0000700005479000)]
  0x00007fe61ae87800 JavaThread "Live Reload Server" daemon [_thread_in_native, id=33799, stack(0x000070000557f000,0x000070000567f000)]
  0x00007fe61b495800 JavaThread "http-nio-8080-exec-10" daemon [_thread_blocked, id=84739, stack(0x00007000060a0000,0x00007000061a0000)]
  0x00007fe61ab34800 JavaThread "DestroyJavaVM" [_thread_blocked, id=9987, stack(0x0000700002f0a000,0x000070000300a000)]
  0x00007fe61af50000 JavaThread "Thread-28" [_thread_blocked, id=46379, stack(0x0000700004c64000,0x0000700004d64000)]

Other Threads:
  0x00007fe619842800 VMThread "VM Thread" [stack: 0x000070000351c000,0x000070000361c000] [id=19203]
  0x00007fe61b16a800 WatcherThread [stack: 0x0000700004755000,0x0000700004855000] [id=39171]
  0x00007fe619813800 GCTaskThread "GC Thread#0" [stack: 0x000070000300d000,0x000070000310d000] [id=11267]
  0x00007fe61987e800 GCTaskThread "GC Thread#1" [stack: 0x0000700004349000,0x0000700004449000] [id=40451]
=>0x00007fe61aaef000 GCTaskThread "GC Thread#2" [stack: 0x000070000444c000,0x000070000454c000] [id=25859]
  0x00007fe619a0c800 GCTaskThread "GC Thread#3" [stack: 0x0000700004e6a000,0x0000700004f6a000] [id=36355]
  0x00007fe619834000 ConcurrentGCThread "G1 Main Marker" [stack: 0x0000700003110000,0x0000700003210000] [id=20227]
  0x00007fe619834800 ConcurrentGCThread "G1 Conc#0" [stack: 0x0000700003213000,0x0000700003313000] [id=19971]
  0x00007fe61a045000 ConcurrentGCThread "G1 Refine#0" [stack: 0x0000700003316000,0x0000700003416000] [id=12291]
  0x00007fe61b165800 ConcurrentGCThread "G1 Refine#1" [stack: 0x000070000454f000,0x000070000464f000] [id=26115]
  0x00007fe61a045800 ConcurrentGCThread "G1 Young RemSet Sampling" [stack: 0x0000700003419000,0x0000700003519000] [id=12803]

Threads with active compile tasks:

VM state:at safepoint (normal execution)

VM Mutex/Monitor currently owned by a thread:  ([mutex/lock_event])
[0x00007fe619507f60] Threads_lock - owner thread: 0x00007fe619842800
[0x00007fe619508660] Heap_lock - owner thread: 0x00007fe61af50000

Heap address: 0x0000000780000000, size: 2048 MB, Compressed Oops mode: Zero based, Oop shift amount: 3
Narrow klass base: 0x0000000800000000, Narrow klass shift: 0
Compressed class space size: 1073741824 Address: 0x0000000800000000

Heap:
 garbage-first heap   total 81920K, used 54175K [0x0000000780000000, 0x0000000800000000)
  region size 1024K, 22 young (22528K), 1 survivors (1024K)
 Metaspace       used 58033K, capacity 60002K, committed 60240K, reserved 1101824K
  class space    used 7166K, capacity 7900K, committed 7936K, reserved 1048576K
Heap Regions: E=young(eden), S=young(survivor), O=old, HS=humongous(starts), HC=humongous(continues), CS=collection set, F=free, A=archive, TAMS=top-at-mark-start (previous, next)
|   0|0x0000000780000000, 0x00000007800ffff8, 0x0000000780100000| 99%| O|  |TAMS 0x0000000780000000, 0x0000000780000000| Untracked 
|   1|0x0000000780100000, 0x00000007801ffff0, 0x0000000780200000| 99%| O|  |TAMS 0x0000000780100000, 0x0000000780100000| Untracked 
|   2|0x0000000780200000, 0x0000000780300000, 0x0000000780300000|100%| O|  |TAMS 0x0000000780200000, 0x0000000780200000| Untracked 
|   3|0x0000000780300000, 0x00000007803ef250, 0x0000000780400000| 93%| O|  |TAMS 0x0000000780300000, 0x0000000780300000| Untracked 
|   4|0x0000000780400000, 0x00000007804fffe0, 0x0000000780500000| 99%| O|  |TAMS 0x0000000780400000, 0x0000000780400000| Untracked 
|   5|0x0000000780500000, 0x00000007805fffe8, 0x0000000780600000| 99%| O|  |TAMS 0x0000000780500000, 0x0000000780500000| Untracked 
|   6|0x0000000780600000, 0x00000007806fffe8, 0x0000000780700000| 99%| O|  |TAMS 0x0000000780600000, 0x0000000780600000| Untracked 
|   7|0x0000000780700000, 0x00000007807ffff0, 0x0000000780800000| 99%| O|  |TAMS 0x0000000780700000, 0x0000000780700000| Untracked 
|   8|0x0000000780800000, 0x00000007808ffff8, 0x0000000780900000| 99%| O|  |TAMS 0x0000000780800000, 0x0000000780800000| Untracked 
|   9|0x0000000780900000, 0x0000000780a00000, 0x0000000780a00000|100%| O|  |TAMS 0x0000000780900000, 0x0000000780900000| Untracked 
|  10|0x0000000780a00000, 0x0000000780affff8, 0x0000000780b00000| 99%| O|  |TAMS 0x0000000780a00000, 0x0000000780a00000| Untracked 
|  11|0x0000000780b00000, 0x0000000780c00000, 0x0000000780c00000|100%| O|  |TAMS 0x0000000780b00000, 0x0000000780b00000| Untracked 
|  12|0x0000000780c00000, 0x0000000780cfffa0, 0x0000000780d00000| 99%| O|  |TAMS 0x0000000780c00000, 0x0000000780c00000| Untracked 
|  13|0x0000000780d00000, 0x0000000780dffff0, 0x0000000780e00000| 99%| O|  |TAMS 0x0000000780d00000, 0x0000000780d00000| Untracked 
|  14|0x0000000780e00000, 0x0000000780efffc8, 0x0000000780f00000| 99%| O|  |TAMS 0x0000000780e00000, 0x0000000780e00000| Untracked 
|  15|0x0000000780f00000, 0x0000000780ffffc8, 0x0000000781000000| 99%| O|  |TAMS 0x0000000780f00000, 0x0000000780f00000| Untracked 
|  16|0x0000000781000000, 0x00000007810ffff8, 0x0000000781100000| 99%| O|  |TAMS 0x0000000781000000, 0x0000000781000000| Untracked 
|  17|0x0000000781100000, 0x0000000781200000, 0x0000000781200000|100%| O|  |TAMS 0x0000000781100000, 0x0000000781100000| Untracked 
|  18|0x0000000781200000, 0x00000007812ffe10, 0x0000000781300000| 99%| O|  |TAMS 0x0000000781200000, 0x0000000781200000| Untracked 
|  19|0x0000000781300000, 0x00000007813fffe8, 0x0000000781400000| 99%| O|  |TAMS 0x0000000781300000, 0x0000000781300000| Untracked 
|  20|0x0000000781400000, 0x0000000781500000, 0x0000000781500000|100%| O|  |TAMS 0x0000000781400000, 0x0000000781400000| Untracked 
|  21|0x0000000781500000, 0x00000007815ffff0, 0x0000000781600000| 99%| O|  |TAMS 0x0000000781500000, 0x0000000781500000| Untracked 
|  22|0x0000000781600000, 0x00000007816e0048, 0x0000000781700000| 87%| O|  |TAMS 0x0000000781600000, 0x0000000781600000| Untracked 
|  23|0x0000000781700000, 0x0000000781790958, 0x0000000781800000| 56%| O|  |TAMS 0x0000000781700000, 0x0000000781700000| Untracked 
|  24|0x0000000781800000, 0x0000000781900000, 0x0000000781900000|100%| O|  |TAMS 0x0000000781800000, 0x0000000781800000| Untracked 
|  25|0x0000000781900000, 0x0000000781a00000, 0x0000000781a00000|100%| O|  |TAMS 0x0000000781900000, 0x0000000781900000| Untracked 
|  26|0x0000000781a00000, 0x0000000781b00000, 0x0000000781b00000|100%| O|  |TAMS 0x0000000781a00000, 0x0000000781a00000| Untracked 
|  27|0x0000000781b00000, 0x0000000781c00000, 0x0000000781c00000|100%| O|  |TAMS 0x0000000781b00000, 0x0000000781b00000| Untracked 
|  28|0x0000000781c00000, 0x0000000781d00000, 0x0000000781d00000|100%| O|  |TAMS 0x0000000781c00000, 0x0000000781c00000| Untracked 
|  29|0x0000000781d00000, 0x0000000781e00000, 0x0000000781e00000|100%| O|  |TAMS 0x0000000781d00000, 0x0000000781d00000| Untracked 
|  30|0x0000000781e00000, 0x0000000781f00000, 0x0000000781f00000|100%| O|  |TAMS 0x0000000781e00000, 0x0000000781e00000| Untracked 
|  31|0x0000000781f00000, 0x0000000781fcd000, 0x0000000782000000| 80%| O|  |TAMS 0x0000000781f00000, 0x0000000781f00000| Untracked 
|  32|0x0000000782000000, 0x0000000782000000, 0x0000000782100000|  0%| F|  |TAMS 0x0000000782000000, 0x0000000782000000| Untracked 
|  33|0x0000000782100000, 0x0000000782100000, 0x0000000782200000|  0%| F|  |TAMS 0x0000000782100000, 0x0000000782100000| Untracked 
|  34|0x0000000782200000, 0x0000000782200000, 0x0000000782300000|  0%| F|  |TAMS 0x0000000782200000, 0x0000000782200000| Untracked 
|  35|0x0000000782300000, 0x0000000782300000, 0x0000000782400000|  0%| F|  |TAMS 0x0000000782300000, 0x0000000782300000| Untracked 
|  36|0x0000000782400000, 0x0000000782400000, 0x0000000782500000|  0%| F|  |TAMS 0x0000000782400000, 0x0000000782400000| Untracked 
|  37|0x0000000782500000, 0x0000000782500000, 0x0000000782600000|  0%| F|  |TAMS 0x0000000782500000, 0x0000000782500000| Untracked 
|  38|0x0000000782600000, 0x0000000782600000, 0x0000000782700000|  0%| F|  |TAMS 0x0000000782600000, 0x0000000782600000| Untracked 
|  39|0x0000000782700000, 0x0000000782700000, 0x0000000782800000|  0%| F|  |TAMS 0x0000000782700000, 0x0000000782700000| Untracked 
|  40|0x0000000782800000, 0x0000000782800000, 0x0000000782900000|  0%| F|  |TAMS 0x0000000782800000, 0x0000000782800000| Untracked 
|  41|0x0000000782900000, 0x0000000782900000, 0x0000000782a00000|  0%| F|  |TAMS 0x0000000782900000, 0x0000000782900000| Untracked 
|  42|0x0000000782a00000, 0x0000000782a00000, 0x0000000782b00000|  0%| F|  |TAMS 0x0000000782a00000, 0x0000000782a00000| Untracked 
|  43|0x0000000782b00000, 0x0000000782b00000, 0x0000000782c00000|  0%| F|  |TAMS 0x0000000782b00000, 0x0000000782b00000| Untracked 
|  44|0x0000000782c00000, 0x0000000782c00000, 0x0000000782d00000|  0%| F|  |TAMS 0x0000000782c00000, 0x0000000782c00000| Untracked 
|  45|0x0000000782d00000, 0x0000000782d00000, 0x0000000782e00000|  0%| F|  |TAMS 0x0000000782d00000, 0x0000000782d00000| Untracked 
|  46|0x0000000782e00000, 0x0000000782eca500, 0x0000000782f00000| 79%| S|  |TAMS 0x0000000782e00000, 0x0000000782e00000| Complete 
|  47|0x0000000782f00000, 0x0000000782f00000, 0x0000000783000000|  0%| F|  |TAMS 0x0000000782f00000, 0x0000000782f00000| Untracked 
|  48|0x0000000783000000, 0x0000000783000000, 0x0000000783100000|  0%| F|  |TAMS 0x0000000783000000, 0x0000000783000000| Untracked 
|  49|0x0000000783100000, 0x0000000783100000, 0x0000000783200000|  0%| F|  |TAMS 0x0000000783100000, 0x0000000783100000| Untracked 
|  50|0x0000000783200000, 0x0000000783200000, 0x0000000783300000|  0%| F|  |TAMS 0x0000000783200000, 0x0000000783200000| Untracked 
|  51|0x0000000783300000, 0x0000000783300000, 0x0000000783400000|  0%| F|  |TAMS 0x0000000783300000, 0x0000000783300000| Untracked 
|  52|0x0000000783400000, 0x0000000783400000, 0x0000000783500000|  0%| F|  |TAMS 0x0000000783400000, 0x0000000783400000| Untracked 
|  53|0x0000000783500000, 0x0000000783500000, 0x0000000783600000|  0%| F|  |TAMS 0x0000000783500000, 0x0000000783500000| Untracked 
|  54|0x0000000783600000, 0x0000000783600000, 0x0000000783700000|  0%| F|  |TAMS 0x0000000783600000, 0x0000000783600000| Untracked 
|  55|0x0000000783700000, 0x0000000783700000, 0x0000000783800000|  0%| F|  |TAMS 0x0000000783700000, 0x0000000783700000| Untracked 
|  56|0x0000000783800000, 0x0000000783800000, 0x0000000783900000|  0%| F|  |TAMS 0x0000000783800000, 0x0000000783800000| Untracked 
|  57|0x0000000783900000, 0x0000000783900000, 0x0000000783a00000|  0%| F|  |TAMS 0x0000000783900000, 0x0000000783900000| Untracked 
|  58|0x0000000783a00000, 0x0000000783a00000, 0x0000000783b00000|  0%| F|  |TAMS 0x0000000783a00000, 0x0000000783a00000| Untracked 
|  59|0x0000000783b00000, 0x0000000783bf10a8, 0x0000000783c00000| 94%| E|  |TAMS 0x0000000783b00000, 0x0000000783b00000| Complete 
|  60|0x0000000783c00000, 0x0000000783d00000, 0x0000000783d00000|100%| E|  |TAMS 0x0000000783c00000, 0x0000000783c00000| Complete 
|  61|0x0000000783d00000, 0x0000000783e00000, 0x0000000783e00000|100%| E|  |TAMS 0x0000000783d00000, 0x0000000783d00000| Complete 
|  62|0x0000000783e00000, 0x0000000783f00000, 0x0000000783f00000|100%| E|  |TAMS 0x0000000783e00000, 0x0000000783e00000| Complete 
|  63|0x0000000783f00000, 0x0000000784000000, 0x0000000784000000|100%| E|  |TAMS 0x0000000783f00000, 0x0000000783f00000| Complete 
|  64|0x0000000784000000, 0x0000000784100000, 0x0000000784100000|100%| E|  |TAMS 0x0000000784000000, 0x0000000784000000| Complete 
|  65|0x0000000784100000, 0x0000000784200000, 0x0000000784200000|100%| E|  |TAMS 0x0000000784100000, 0x0000000784100000| Complete 
|  66|0x0000000784200000, 0x0000000784300000, 0x0000000784300000|100%| E|  |TAMS 0x0000000784200000, 0x0000000784200000| Complete 
|  67|0x0000000784300000, 0x0000000784400000, 0x0000000784400000|100%| E|  |TAMS 0x0000000784300000, 0x0000000784300000| Complete 
|  68|0x0000000784400000, 0x0000000784500000, 0x0000000784500000|100%| E|  |TAMS 0x0000000784400000, 0x0000000784400000| Complete 
|  69|0x0000000784500000, 0x0000000784600000, 0x0000000784600000|100%| E|  |TAMS 0x0000000784500000, 0x0000000784500000| Complete 
|  70|0x0000000784600000, 0x0000000784700000, 0x0000000784700000|100%| E|  |TAMS 0x0000000784600000, 0x0000000784600000| Complete 
|  71|0x0000000784700000, 0x0000000784800000, 0x0000000784800000|100%| E|  |TAMS 0x0000000784700000, 0x0000000784700000| Complete 
|  72|0x0000000784800000, 0x0000000784900000, 0x0000000784900000|100%| E|  |TAMS 0x0000000784800000, 0x0000000784800000| Complete 
|  73|0x0000000784900000, 0x0000000784a00000, 0x0000000784a00000|100%| E|  |TAMS 0x0000000784900000, 0x0000000784900000| Complete 
|  74|0x0000000784a00000, 0x0000000784b00000, 0x0000000784b00000|100%| E|  |TAMS 0x0000000784a00000, 0x0000000784a00000| Complete 
|  75|0x0000000784b00000, 0x0000000784c00000, 0x0000000784c00000|100%| E|  |TAMS 0x0000000784b00000, 0x0000000784b00000| Complete 
|  76|0x0000000784c00000, 0x0000000784d00000, 0x0000000784d00000|100%| E|  |TAMS 0x0000000784c00000, 0x0000000784c00000| Complete 
|  77|0x0000000784d00000, 0x0000000784e00000, 0x0000000784e00000|100%| E|  |TAMS 0x0000000784d00000, 0x0000000784d00000| Complete 
|  78|0x0000000784e00000, 0x0000000784f00000, 0x0000000784f00000|100%| E|  |TAMS 0x0000000784e00000, 0x0000000784e00000| Complete 
|  79|0x0000000784f00000, 0x0000000785000000, 0x0000000785000000|100%| E|  |TAMS 0x0000000784f00000, 0x0000000784f00000| Complete 

Card table byte_map: [0x0000000106d25000,0x0000000107125000] _byte_map_base: 0x0000000103125000

Marking Bits (Prev, Next): (CMBitMap*) 0x00007fe619814818, (CMBitMap*) 0x00007fe619814850
 Prev Bits: [0x0000000107525000, 0x0000000109525000)
 Next Bits: [0x0000000109525000, 0x000000010b525000)

Polling page: 0x00000001050ef000

Metaspace:

Usage:
  Non-class:     50.88 MB capacity,    49.67 MB ( 98%) used,     1.01 MB (  2%) free+waste,   199.00 KB ( <1%) overhead. 
      Class:      7.71 MB capacity,     7.00 MB ( 91%) used,   637.95 KB (  8%) free+waste,    95.31 KB (  1%) overhead. 
       Both:     58.60 MB capacity,    56.67 MB ( 97%) used,     1.64 MB (  3%) free+waste,   294.31 KB ( <1%) overhead. 

Virtual space:
  Non-class space:       52.00 MB reserved,      51.08 MB ( 98%) committed 
      Class space:        1.00 GB reserved,       7.75 MB ( <1%) committed 
             Both:        1.05 GB reserved,      58.83 MB (  5%) committed 

Chunk freelists:
   Non-Class:  42.00 KB
       Class:  4.00 KB
        Both:  46.00 KB

MaxMetaspaceSize: unlimited
CompressedClassSpaceSize: 1.00 GB

CodeHeap 'non-profiled nmethods': size=238948Kb used=15040Kb max_used=15040Kb free=223907Kb
 bounds [0x0000000114543000, 0x0000000115403000, 0x0000000122e9c000]
CodeHeap 'non-nmethods': size=6812Kb used=1292Kb max_used=1292Kb free=5519Kb
 bounds [0x0000000113e9c000, 0x000000011410c000, 0x0000000114543000]
 total_blobs=8870 nmethods=8267 adapters=537
 compilation: enabled
              stopped_count=0, restarted_count=0
 full_count=0

Compilation events (20 events):
Event: 1001.994 Thread 0x00007fe61a85c800 8279       1       java.io.ObjectStreamField::getOffset (5 bytes)
Event: 1001.994 Thread 0x00007fe61a85c800 nmethod 8279 0x00000001153ed990 code [0x00000001153edb40, 0x00000001153edbf0]
Event: 1001.995 Thread 0x00007fe61a85c800 8282   !   1       java.io.ObjectOutputStream::writeSerialData (221 bytes)
Event: 1001.997 Thread 0x00007fe61a85c800 nmethod 8282 0x00000001153edc90 code [0x00000001153edee0, 0x00000001153ee920]
Event: 1001.997 Thread 0x00007fe61a85c800 8284       1       java.io.ObjectStreamClass$FieldReflector::getObjFieldValues (99 bytes)
Event: 1001.997 Thread 0x00007fe61a85c800 nmethod 8284 0x00000001153eef10 code [0x00000001153ef120, 0x00000001153ef5b0]
Event: 1001.997 Thread 0x00007fe61a85c800 8285       1       java.io.ObjectStreamClass$FieldReflector::getPrimFieldValues (317 bytes)
Event: 1001.998 Thread 0x00007fe61a85c800 nmethod 8285 0x00000001153ef890 code [0x00000001153efac0, 0x00000001153f01d0]
Event: 1001.998 Thread 0x00007fe61a85c800 8283       1       java.io.ObjectOutputStream$BlockDataOutputStream::write (152 bytes)
Event: 1001.999 Thread 0x00007fe61a85c800 nmethod 8283 0x00000001153f0710 code [0x00000001153f0900, 0x00000001153f0c70]
Event: 1001.999 Thread 0x00007fe61a85c800 8280   !   1       java.io.ObjectOutputStream::writeOrdinaryObject (175 bytes)
Event: 1002.000 Thread 0x00007fe61a85c800 nmethod 8280 0x00000001153f0e10 code [0x00000001153f1080, 0x00000001153f16c0]
Event: 1002.000 Thread 0x00007fe61a85c800 8286       1       java.io.ObjectOutputStream::writeHandle (21 bytes)
Event: 1002.000 Thread 0x00007fe61a85c800 nmethod 8286 0x00000001153f1d90 code [0x00000001153f1f60, 0x00000001153f20d0]
Event: 1002.000 Thread 0x00007fe61a85c800 8281       1       java.io.ObjectStreamClass::checkSerialize (20 bytes)
Event: 1002.000 Thread 0x00007fe61a85c800 nmethod 8281 0x00000001153f2210 code [0x00000001153f2400, 0x00000001153f2630]
Event: 1002.002 Thread 0x00007fe61a85c800 8287       1       java.lang.StackTraceElement::of (68 bytes)
Event: 1002.003 Thread 0x00007fe61a85c800 nmethod 8287 0x00000001153f2790 code [0x00000001153f2960, 0x00000001153f2cd0]
Event: 1002.064 Thread 0x00007fe61a85c800 8288       1       sun.security.ssl.TransportContext::isOutboundClosed (8 bytes)
Event: 1002.064 Thread 0x00007fe61a85c800 nmethod 8288 0x00000001153f2e90 code [0x00000001153f3040, 0x00000001153f3110]

GC Heap History (20 events):
Event: 518.673 GC heap after
{Heap after GC invocations=20 (full 3):
 garbage-first heap   total 81920K, used 26754K [0x0000000780000000, 0x0000000800000000)
  region size 1024K, 3 young (3072K), 3 survivors (3072K)
 Metaspace       used 57106K, capacity 58933K, committed 59088K, reserved 1101824K
  class space    used 7073K, capacity 7755K, committed 7808K, reserved 1048576K
}
Event: 557.029 GC heap before
{Heap before GC invocations=20 (full 3):
 garbage-first heap   total 81920K, used 40066K [0x0000000780000000, 0x0000000800000000)
  region size 1024K, 17 young (17408K), 3 survivors (3072K)
 Metaspace       used 57185K, capacity 59003K, committed 59088K, reserved 1101824K
  class space    used 7076K, capacity 7757K, committed 7808K, reserved 1048576K
}
Event: 557.149 GC heap after
{Heap after GC invocations=21 (full 4):
 garbage-first heap   total 81920K, used 23818K [0x0000000780000000, 0x0000000800000000)
  region size 1024K, 0 young (0K), 0 survivors (0K)
 Metaspace       used 57174K, capacity 58985K, committed 59088K, reserved 1101824K
  class space    used 7075K, capacity 7753K, committed 7808K, reserved 1048576K
}
Event: 557.642 GC heap before
{Heap before GC invocations=21 (full 4):
 garbage-first heap   total 81920K, used 64778K [0x0000000780000000, 0x0000000800000000)
  region size 1024K, 41 young (41984K), 0 survivors (0K)
 Metaspace       used 57252K, capacity 59105K, committed 59344K, reserved 1101824K
  class space    used 7085K, capacity 7793K, committed 7808K, reserved 1048576K
}
Event: 557.648 GC heap after
{Heap after GC invocations=22 (full 4):
 garbage-first heap   total 81920K, used 25998K [0x0000000780000000, 0x0000000800000000)
  region size 1024K, 3 young (3072K), 3 survivors (3072K)
 Metaspace       used 57252K, capacity 59105K, committed 59344K, reserved 1101824K
  class space    used 7085K, capacity 7793K, committed 7808K, reserved 1048576K
}
Event: 574.641 GC heap before
{Heap before GC invocations=22 (full 4):
 garbage-first heap   total 81920K, used 63886K [0x0000000780000000, 0x0000000800000000)
  region size 1024K, 41 young (41984K), 3 survivors (3072K)
 Metaspace       used 57385K, capacity 59245K, committed 59344K, reserved 1101824K
  class space    used 7098K, capacity 7795K, committed 7808K, reserved 1048576K
}
Event: 574.646 GC heap after
{Heap after GC invocations=23 (full 4):
 garbage-first heap   total 81920K, used 26890K [0x0000000780000000, 0x0000000800000000)
  region size 1024K, 3 young (3072K), 3 survivors (3072K)
 Metaspace       used 57385K, capacity 59245K, committed 59344K, reserved 1101824K
  class space    used 7098K, capacity 7795K, committed 7808K, reserved 1048576K
}
Event: 712.192 GC heap before
{Heap before GC invocations=23 (full 4):
 garbage-first heap   total 81920K, used 66826K [0x0000000780000000, 0x0000000800000000)
  region size 1024K, 42 young (43008K), 3 survivors (3072K)
 Metaspace       used 57385K, capacity 59245K, committed 59344K, reserved 1101824K
  class space    used 7098K, capacity 7795K, committed 7808K, reserved 1048576K
}
Event: 712.196 GC heap after
{Heap after GC invocations=24 (full 4):
 garbage-first heap   total 81920K, used 26890K [0x0000000780000000, 0x0000000800000000)
  region size 1024K, 3 young (3072K), 3 survivors (3072K)
 Metaspace       used 57385K, capacity 59245K, committed 59344K, reserved 1101824K
  class space    used 7098K, capacity 7795K, committed 7808K, reserved 1048576K
}
Event: 774.888 GC heap before
{Heap before GC invocations=24 (full 4):
 garbage-first heap   total 81920K, used 46346K [0x0000000780000000, 0x0000000800000000)
  region size 1024K, 23 young (23552K), 3 survivors (3072K)
 Metaspace       used 57446K, capacity 59315K, committed 59600K, reserved 1101824K
  class space    used 7101K, capacity 7797K, committed 7808K, reserved 1048576K
}
Event: 774.969 GC heap after
{Heap after GC invocations=25 (full 5):
 garbage-first heap   total 81920K, used 23934K [0x0000000780000000, 0x0000000800000000)
  region size 1024K, 0 young (0K), 0 survivors (0K)
 Metaspace       used 57436K, capacity 59297K, committed 59600K, reserved 1101824K
  class space    used 7099K, capacity 7793K, committed 7808K, reserved 1048576K
}
Event: 775.477 GC heap before
{Heap before GC invocations=25 (full 5):
 garbage-first heap   total 81920K, used 64894K [0x0000000780000000, 0x0000000800000000)
  region size 1024K, 41 young (41984K), 0 survivors (0K)
 Metaspace       used 57554K, capacity 59483K, committed 59728K, reserved 1101824K
  class space    used 7118K, capacity 7847K, committed 7936K, reserved 1048576K
}
Event: 775.481 GC heap after
{Heap after GC invocations=26 (full 5):
 garbage-first heap   total 81920K, used 25982K [0x0000000780000000, 0x0000000800000000)
  region size 1024K, 2 young (2048K), 2 survivors (2048K)
 Metaspace       used 57554K, capacity 59483K, committed 59728K, reserved 1101824K
  class space    used 7118K, capacity 7847K, committed 7936K, reserved 1048576K
}
Event: 790.822 GC heap before
{Heap before GC invocations=26 (full 5):
 garbage-first heap   total 81920K, used 65918K [0x0000000780000000, 0x0000000800000000)
  region size 1024K, 42 young (43008K), 2 survivors (2048K)
 Metaspace       used 57712K, capacity 59656K, committed 59984K, reserved 1101824K
  class space    used 7134K, capacity 7856K, committed 7936K, reserved 1048576K
}
Event: 790.827 GC heap after
{Heap after GC invocations=27 (full 5):
 garbage-first heap   total 81920K, used 28456K [0x0000000780000000, 0x0000000800000000)
  region size 1024K, 5 young (5120K), 5 survivors (5120K)
 Metaspace       used 57712K, capacity 59656K, committed 59984K, reserved 1101824K
  class space    used 7134K, capacity 7856K, committed 7936K, reserved 1048576K
}
Event: 820.813 GC heap before
{Heap before GC invocations=27 (full 5):
 garbage-first heap   total 81920K, used 65320K [0x0000000780000000, 0x0000000800000000)
  region size 1024K, 42 young (43008K), 5 survivors (5120K)
 Metaspace       used 57915K, capacity 59917K, committed 60240K, reserved 1101824K
  class space    used 7161K, capacity 7895K, committed 7936K, reserved 1048576K
}
Event: 820.820 GC heap after
{Heap after GC invocations=28 (full 5):
 garbage-first heap   total 81920K, used 31760K [0x0000000780000000, 0x0000000800000000)
  region size 1024K, 6 young (6144K), 6 survivors (6144K)
 Metaspace       used 57915K, capacity 59917K, committed 60240K, reserved 1101824K
  class space    used 7161K, capacity 7895K, committed 7936K, reserved 1048576K
}
Event: 936.500 GC heap before
{Heap before GC invocations=28 (full 5):
 garbage-first heap   total 81920K, used 65552K [0x0000000780000000, 0x0000000800000000)
  region size 1024K, 39 young (39936K), 6 survivors (6144K)
 Metaspace       used 57915K, capacity 59917K, committed 60240K, reserved 1101824K
  class space    used 7161K, capacity 7895K, committed 7936K, reserved 1048576K
}
Event: 936.507 GC heap after
{Heap after GC invocations=29 (full 5):
 garbage-first heap   total 81920K, used 32731K [0x0000000780000000, 0x0000000800000000)
  region size 1024K, 1 young (1024K), 1 survivors (1024K)
 Metaspace       used 57915K, capacity 59917K, committed 60240K, reserved 1101824K
  class space    used 7161K, capacity 7895K, committed 7936K, reserved 1048576K
}
Event: 1002.074 GC heap before
{Heap before GC invocations=29 (full 5):
 garbage-first heap   total 81920K, used 53211K [0x0000000780000000, 0x0000000800000000)
  region size 1024K, 22 young (22528K), 1 survivors (1024K)
 Metaspace       used 58033K, capacity 60002K, committed 60240K, reserved 1101824K
  class space    used 7166K, capacity 7900K, committed 7936K, reserved 1048576K
}

Deoptimization events (20 events):
Event: 1002.071 Thread 0x00007fe61a432800 DEOPT PACKING pc=0x0000000114d963b1 sp=0x0000700004e661c0
Event: 1002.071 Thread 0x00007fe61a432800 DEOPT UNPACKING pc=0x0000000113ed2d3a sp=0x0000700004e65698 mode 1
Event: 1002.071 Thread 0x00007fe61a432800 DEOPT PACKING pc=0x0000000114da4f3c sp=0x0000700004e66050
Event: 1002.071 Thread 0x00007fe61a432800 DEOPT UNPACKING pc=0x0000000113ed2d3a sp=0x0000700004e65568 mode 1
Event: 1002.071 Thread 0x00007fe61a432800 DEOPT PACKING pc=0x0000000114da46ac sp=0x0000700004e661b0
Event: 1002.071 Thread 0x00007fe61a432800 DEOPT UNPACKING pc=0x0000000113ed2d3a sp=0x0000700004e656a8 mode 1
Event: 1002.071 Thread 0x00007fe61a432800 DEOPT PACKING pc=0x0000000114dc0244 sp=0x0000700004e65dc0
Event: 1002.071 Thread 0x00007fe61a432800 DEOPT UNPACKING pc=0x0000000113ed2d3a sp=0x0000700004e65380 mode 1
Event: 1002.071 Thread 0x00007fe61a432800 DEOPT PACKING pc=0x0000000114f57f8c sp=0x0000700004e65f60
Event: 1002.071 Thread 0x00007fe61a432800 DEOPT UNPACKING pc=0x0000000113ed2d3a sp=0x0000700004e654f0 mode 1
Event: 1002.071 Thread 0x00007fe61a432800 DEOPT PACKING pc=0x0000000114f5727c sp=0x0000700004e660a0
Event: 1002.072 Thread 0x00007fe61a432800 DEOPT UNPACKING pc=0x0000000113ed2d3a sp=0x0000700004e655c0 mode 1
Event: 1002.072 Thread 0x00007fe61a432800 DEOPT PACKING pc=0x0000000114d963b1 sp=0x0000700004e661c0
Event: 1002.072 Thread 0x00007fe61a432800 DEOPT UNPACKING pc=0x0000000113ed2d3a sp=0x0000700004e65698 mode 1
Event: 1002.073 Thread 0x00007fe61a432800 DEOPT PACKING pc=0x0000000114dc0244 sp=0x0000700004e65dc0
Event: 1002.073 Thread 0x00007fe61a432800 DEOPT UNPACKING pc=0x0000000113ed2d3a sp=0x0000700004e65380 mode 1
Event: 1002.073 Thread 0x00007fe61a432800 DEOPT PACKING pc=0x0000000114f57f8c sp=0x0000700004e65f60
Event: 1002.073 Thread 0x00007fe61a432800 DEOPT UNPACKING pc=0x0000000113ed2d3a sp=0x0000700004e654f0 mode 1
Event: 1002.073 Thread 0x00007fe61a432800 DEOPT PACKING pc=0x0000000114f5727c sp=0x0000700004e660a0
Event: 1002.073 Thread 0x00007fe61a432800 DEOPT UNPACKING pc=0x0000000113ed2d3a sp=0x0000700004e655c0 mode 1

Classes redefined (20 events):
Event: 465.720 Thread 0x00007fe619842800 redefined class name=jp.co.senshinsoft.web.KK04001Controller, count=2
Event: 465.741 Thread 0x00007fe619842800 redefined class name=jp.co.senshinsoft.web.KK04001Controller, count=1
Event: 497.216 Thread 0x00007fe619842800 redefined class name=jp.co.senshinsoft.web.KK04001Controller, count=1
Event: 497.243 Thread 0x00007fe619842800 redefined class name=jp.co.senshinsoft.web.KK04001Controller, count=3
Event: 497.269 Thread 0x00007fe619842800 redefined class name=jp.co.senshinsoft.web.KK04001Controller, count=2
Event: 556.047 Thread 0x00007fe619842800 redefined class name=jp.co.senshinsoft.web.KK04001Controller, count=2
Event: 556.076 Thread 0x00007fe619842800 redefined class name=jp.co.senshinsoft.web.KK04001Controller, count=4
Event: 556.102 Thread 0x00007fe619842800 redefined class name=jp.co.senshinsoft.web.KK04001Controller, count=3
Event: 556.125 Thread 0x00007fe619842800 redefined class name=jp.co.senshinsoft.web.KK04001Controller, count=1
Event: 773.883 Thread 0x00007fe619842800 redefined class name=jp.co.senshinsoft.web.KK04001Controller, count=3
Event: 773.912 Thread 0x00007fe619842800 redefined class name=jp.co.senshinsoft.web.KK04001Controller, count=5
Event: 773.942 Thread 0x00007fe619842800 redefined class name=jp.co.senshinsoft.web.KK04001Controller, count=4
Event: 773.967 Thread 0x00007fe619842800 redefined class name=jp.co.senshinsoft.web.KK04001Controller, count=1
Event: 773.990 Thread 0x00007fe619842800 redefined class name=jp.co.senshinsoft.web.KK04001Controller, count=2
Event: 1000.342 Thread 0x00007fe619842800 redefined class name=jp.co.senshinsoft.web.KK04001Controller, count=4
Event: 1000.368 Thread 0x00007fe619842800 redefined class name=jp.co.senshinsoft.web.KK04001Controller, count=6
Event: 1000.394 Thread 0x00007fe619842800 redefined class name=jp.co.senshinsoft.web.KK04001Controller, count=5
Event: 1000.419 Thread 0x00007fe619842800 redefined class name=jp.co.senshinsoft.web.KK04001Controller, count=2
Event: 1000.445 Thread 0x00007fe619842800 redefined class name=jp.co.senshinsoft.web.KK04001Controller, count=3
Event: 1000.470 Thread 0x00007fe619842800 redefined class name=jp.co.senshinsoft.web.KK04001Controller, count=1

Internal exceptions (20 events):
Event: 775.581 Thread 0x00007fe61998c800 Exception <a 'java/lang/ClassNotFoundException'{0x0000000783dc0600}: org/springframework/security/config/annotation/web/WebSecurityConfigurerCustomizer> (0x0000000783dc0600) thrown at [./src/hotspot/share/classfile/systemDictionary.cpp, line 231]
Event: 775.581 Thread 0x00007fe61998c800 Exception <a 'java/lang/ClassNotFoundException'{0x0000000783dcec18}: org/springframework/security/config/annotation/SecurityConfigurerCustomizer> (0x0000000783dcec18) thrown at [./src/hotspot/share/classfile/systemDictionary.cpp, line 231]
Event: 790.751 Thread 0x00007fe61b48b800 Exception <a 'java/lang/ClassNotFoundException'{0x00000007828b2278}: java/lang/ObjectCustomizer> (0x00000007828b2278) thrown at [./src/hotspot/share/classfile/systemDictionary.cpp, line 231]
Event: 790.753 Thread 0x00007fe61b48b800 Exception <a 'java/lang/ClassNotFoundException'{0x00000007828c79b8}: jp/co/senshinsoft/web/KK01001FormCustomizer> (0x00000007828c79b8) thrown at [./src/hotspot/share/classfile/systemDictionary.cpp, line 231]
Event: 794.317 Thread 0x00007fe61b14f800 Exception <a 'java/lang/ClassNotFoundException'{0x000000078382ff98}: java/lang/ObjectCustomizer> (0x000000078382ff98) thrown at [./src/hotspot/share/classfile/systemDictionary.cpp, line 231]
Event: 794.319 Thread 0x00007fe61b14f800 Exception <a 'java/lang/ClassNotFoundException'{0x0000000783844960}: jp/co/senshinsoft/web/KK03001FormCustomizer> (0x0000000783844960) thrown at [./src/hotspot/share/classfile/systemDictionary.cpp, line 231]
Event: 794.321 Thread 0x00007fe61b14f800 Exception <a 'java/lang/ClassNotFoundException'{0x000000078385b1b0}: java/lang/ObjectCustomizer> (0x000000078385b1b0) thrown at [./src/hotspot/share/classfile/systemDictionary.cpp, line 231]
Event: 794.322 Thread 0x00007fe61b14f800 Exception <a 'java/lang/ClassNotFoundException'{0x000000078386fb60}: jp/co/senshinsoft/web/KK02001FormCustomizer> (0x000000078386fb60) thrown at [./src/hotspot/share/classfile/systemDictionary.cpp, line 231]
Event: 795.139 Thread 0x00007fe619afd800 Exception <a 'java/lang/ClassNotFoundException'{0x000000078372d738}: java/lang/ObjectCustomizer> (0x000000078372d738) thrown at [./src/hotspot/share/classfile/systemDictionary.cpp, line 231]
Event: 795.140 Thread 0x00007fe619afd800 Exception <a 'java/lang/ClassNotFoundException'{0x0000000783742368}: jp/co/senshinsoft/web/KK04001FormCustomizer> (0x0000000783742368) thrown at [./src/hotspot/share/classfile/systemDictionary.cpp, line 231]
Event: 1002.048 Thread 0x00007fe61ae5d000 Exception <a 'java/lang/InterruptedException'{0x0000000783bb0a90}: sleep interrupted> (0x0000000783bb0a90) thrown at [./src/hotspot/share/prims/jvm.cpp, line 3107]
Event: 1002.055 Thread 0x00007fe61a432800 Exception <a 'sun/net/ConnectionResetException'{0x0000000783bd6e30}: Connection reset> (0x0000000783bd6e30) thrown at [./src/hotspot/share/prims/jni.cpp, line 636]
Event: 1002.059 Thread 0x00007fe61a432800 Exception <a 'sun/net/ConnectionResetException'{0x0000000783bd8968}: Connection reset> (0x0000000783bd8968) thrown at [./src/hotspot/share/prims/jni.cpp, line 636]
Event: 1002.061 Thread 0x00007fe61a432800 Exception <a 'sun/net/ConnectionResetException'{0x0000000783bda4a0}: Connection reset> (0x0000000783bda4a0) thrown at [./src/hotspot/share/prims/jni.cpp, line 636]
Event: 1002.062 Thread 0x00007fe61a432800 Exception <a 'sun/net/ConnectionResetException'{0x0000000783bdbfd8}: Connection reset> (0x0000000783bdbfd8) thrown at [./src/hotspot/share/prims/jni.cpp, line 636]
Event: 1002.064 Thread 0x00007fe61a432800 Exception <a 'sun/net/ConnectionResetException'{0x0000000783bddb10}: Connection reset> (0x0000000783bddb10) thrown at [./src/hotspot/share/prims/jni.cpp, line 636]
Event: 1002.066 Thread 0x00007fe61a432800 Exception <a 'sun/net/ConnectionResetException'{0x0000000783bdf648}: Connection reset> (0x0000000783bdf648) thrown at [./src/hotspot/share/prims/jni.cpp, line 636]
Event: 1002.067 Thread 0x00007fe61a432800 Exception <a 'sun/net/ConnectionResetException'{0x0000000783be1180}: Connection reset> (0x0000000783be1180) thrown at [./src/hotspot/share/prims/jni.cpp, line 636]
Event: 1002.071 Thread 0x00007fe61a432800 Exception <a 'java/net/SocketException'{0x0000000783be41f0}> (0x0000000783be41f0) thrown at [./src/hotspot/share/prims/jni.cpp, line 615]
Event: 1002.071 Thread 0x00007fe61a432800 Exception <a 'sun/net/ConnectionResetException'{0x0000000783be47f0}: Connection reset> (0x0000000783be47f0) thrown at [./src/hotspot/share/prims/jni.cpp, line 636]

Events (20 events):
Event: 1002.072 Executing VM operation: BulkRevokeBias done
Event: 1002.072 Executing VM operation: BulkRevokeBias
Event: 1002.072 Executing VM operation: BulkRevokeBias done
Event: 1002.072 Executing VM operation: BulkRevokeBias
Event: 1002.072 Executing VM operation: BulkRevokeBias done
Event: 1002.072 Executing VM operation: BulkRevokeBias
Event: 1002.072 Executing VM operation: BulkRevokeBias done
Event: 1002.072 Executing VM operation: BulkRevokeBias
Event: 1002.073 Executing VM operation: BulkRevokeBias done
Event: 1002.073 Executing VM operation: BulkRevokeBias
Event: 1002.073 Executing VM operation: BulkRevokeBias done
Event: 1002.073 Executing VM operation: BulkRevokeBias
Event: 1002.073 Executing VM operation: BulkRevokeBias done
Event: 1002.073 Executing VM operation: RevokeBias
Event: 1002.073 Executing VM operation: RevokeBias done
Event: 1002.073 Executing VM operation: RevokeBias
Event: 1002.073 Executing VM operation: RevokeBias done
Event: 1002.073 Protecting memory [0x0000700004d67000,0x0000700004d6b000] with protection modes 3
Event: 1002.073 Thread 0x00007fe61a432800 Thread exited: 0x00007fe61a432800
Event: 1002.074 Executing VM operation: G1CollectFull


Dynamic libraries:
0x00007fff351c0000 	/System/Library/Frameworks/Cocoa.framework/Versions/A/Cocoa
0x00007fff429b9000 	/System/Library/Frameworks/Security.framework/Versions/A/Security
0x00007fff34125000 	/System/Library/Frameworks/ApplicationServices.framework/Versions/A/ApplicationServices
0x00007fff6f4dd000 	/usr/lib/libz.1.dylib
0x0000000105080000 	/Library/Java/JavaVirtualMachines/adoptopenjdk-11.jdk/Contents/Home/lib/jli/libjli.dylib
0x00007fff6cfa1000 	/usr/lib/libSystem.B.dylib
0x00007fff33315000 	/System/Library/Frameworks/AppKit.framework/Versions/C/AppKit
0x00007fff35b44000 	/System/Library/Frameworks/CoreData.framework/Versions/A/CoreData
0x00007fff3871f000 	/System/Library/Frameworks/Foundation.framework/Versions/C/Foundation
0x00007fff66fb6000 	/System/Library/PrivateFrameworks/UIFoundation.framework/Versions/A/UIFoundation
0x00007fff6204a000 	/System/Library/PrivateFrameworks/RemoteViewServices.framework/Versions/A/RemoteViewServices
0x00007fff69b11000 	/System/Library/PrivateFrameworks/XCTTargetBootstrap.framework/Versions/A/XCTTargetBootstrap
0x00007fff35f2f000 	/System/Library/Frameworks/CoreDisplay.framework/Versions/A/CoreDisplay
0x00007fff3b5da000 	/System/Library/Frameworks/Metal.framework/Versions/A/Metal
0x00007fff5004d000 	/System/Library/PrivateFrameworks/DesktopServicesPriv.framework/Versions/A/DesktopServicesPriv
0x00007fff6e0dc000 	/usr/lib/liblangid.dylib
0x00007fff4f2e2000 	/System/Library/PrivateFrameworks/CoreSVG.framework/Versions/A/CoreSVG
0x00007fff651a6000 	/System/Library/PrivateFrameworks/SkyLight.framework/Versions/A/SkyLight
0x00007fff364e3000 	/System/Library/Frameworks/CoreGraphics.framework/Versions/A/CoreGraphics
0x00007fff31ce9000 	/System/Library/Frameworks/Accelerate.framework/Versions/A/Accelerate
0x00007fff6f3ce000 	/usr/lib/libxml2.2.dylib
0x00007fff5afd5000 	/System/Library/PrivateFrameworks/IconServices.framework/Versions/A/IconServices
0x00007fff38efe000 	/System/Library/Frameworks/IOSurface.framework/Versions/A/IOSurface
0x00007fff6cacb000 	/usr/lib/libDiagnosticMessagesClient.dylib
0x00007fff4fea7000 	/System/Library/PrivateFrameworks/DFRFoundation.framework/Versions/A/DFRFoundation
0x00007fff6de6b000 	/usr/lib/libicucore.A.dylib
0x00007fff34457000 	/System/Library/Frameworks/AudioToolbox.framework/Versions/A/AudioToolbox
0x00007fff3453a000 	/System/Library/Frameworks/AudioUnit.framework/Versions/A/AudioUnit
0x00007fff6d1a3000 	/usr/lib/libauto.dylib
0x00007fff4ff49000 	/System/Library/PrivateFrameworks/DataDetectorsCore.framework/Versions/A/DataDetectorsCore
0x00007fff34ce1000 	/System/Library/Frameworks/Carbon.framework/Versions/A/Frameworks/HIToolbox.framework/Versions/A/HIToolbox
0x00007fff41bb3000 	/System/Library/Frameworks/QuartzCore.framework/Versions/A/QuartzCore
0x00007fff35020000 	/System/Library/Frameworks/Carbon.framework/Versions/A/Frameworks/SpeechRecognition.framework/Versions/A/SpeechRecognition
0x00007fff4f9bb000 	/System/Library/PrivateFrameworks/CoreUI.framework/Versions/A/CoreUI
0x00007fff355af000 	/System/Library/Frameworks/CoreAudio.framework/Versions/A/CoreAudio
0x00007fff383de000 	/System/Library/Frameworks/DiskArbitration.framework/Versions/A/DiskArbitration
0x00007fff5d025000 	/System/Library/PrivateFrameworks/MultitouchSupport.framework/Versions/A/MultitouchSupport
0x00007fff6dd32000 	/usr/lib/libenergytrace.dylib
0x00007fff38e58000 	/System/Library/Frameworks/IOKit.framework/Versions/A/IOKit
0x00007fff3744a000 	/System/Library/Frameworks/CoreServices.framework/Versions/A/CoreServices
0x00007fff5f1dd000 	/System/Library/PrivateFrameworks/PerformanceAnalysis.framework/Versions/A/PerformanceAnalysis
0x00007fff40be6000 	/System/Library/Frameworks/OpenGL.framework/Versions/A/OpenGL
0x00007fff6ee01000 	/usr/lib/libobjc.A.dylib
0x00007fff351ce000 	/System/Library/Frameworks/ColorSync.framework/Versions/A/ColorSync
0x00007fff36062000 	/System/Library/Frameworks/CoreFoundation.framework/Versions/A/CoreFoundation
0x00007fff36b66000 	/System/Library/Frameworks/CoreImage.framework/Versions/A/CoreImage
0x00007fff37ebd000 	/System/Library/Frameworks/CoreText.framework/Versions/A/CoreText
0x00007fff38f8e000 	/System/Library/Frameworks/ImageIO.framework/Versions/A/ImageIO
0x00007fff6d287000 	/usr/lib/libc++.1.dylib
0x00007fff6d303000 	/usr/lib/libcompression.dylib
0x00007fff6ce0f000 	/usr/lib/libMobileGestalt.dylib
0x00007fff66d20000 	/System/Library/PrivateFrameworks/TextureIO.framework/Versions/A/TextureIO
0x00007fff6d106000 	/usr/lib/libate.dylib
0x00007fff5b1de000 	/System/Library/PrivateFrameworks/InternationalSupport.framework/Versions/A/InternationalSupport
0x00007fff6fd9e000 	/usr/lib/system/libcache.dylib
0x00007fff6fda4000 	/usr/lib/system/libcommonCrypto.dylib
0x00007fff6fdb0000 	/usr/lib/system/libcompiler_rt.dylib
0x00007fff6fdb8000 	/usr/lib/system/libcopyfile.dylib
0x00007fff6fdc2000 	/usr/lib/system/libcorecrypto.dylib
0x00007fff6ff61000 	/usr/lib/system/libdispatch.dylib
0x00007fff6ffa2000 	/usr/lib/system/libdyld.dylib
0x00007fff6ffd9000 	/usr/lib/system/libkeymgr.dylib
0x00007fff6ffe7000 	/usr/lib/system/liblaunch.dylib
0x00007fff6ffe8000 	/usr/lib/system/libmacho.dylib
0x00007fff6ffee000 	/usr/lib/system/libquarantine.dylib
0x00007fff6fff1000 	/usr/lib/system/libremovefile.dylib
0x00007fff6fff3000 	/usr/lib/system/libsystem_asl.dylib
0x00007fff7000b000 	/usr/lib/system/libsystem_blocks.dylib
0x00007fff7000c000 	/usr/lib/system/libsystem_c.dylib
0x00007fff70094000 	/usr/lib/system/libsystem_configuration.dylib
0x00007fff70098000 	/usr/lib/system/libsystem_coreservices.dylib
0x00007fff7009c000 	/usr/lib/system/libsystem_darwin.dylib
0x00007fff700a5000 	/usr/lib/system/libsystem_dnssd.dylib
0x00007fff700ad000 	/usr/lib/system/libsystem_featureflags.dylib
0x00007fff700af000 	/usr/lib/system/libsystem_info.dylib
0x00007fff7012a000 	/usr/lib/system/libsystem_m.dylib
0x00007fff70172000 	/usr/lib/system/libsystem_malloc.dylib
0x00007fff7019a000 	/usr/lib/system/libsystem_networkextension.dylib
0x00007fff701a8000 	/usr/lib/system/libsystem_notify.dylib
0x00007fff701c6000 	/usr/lib/system/libsystem_sandbox.dylib
0x00007fff701cb000 	/usr/lib/system/libsystem_secinit.dylib
0x00007fff700fd000 	/usr/lib/system/libsystem_kernel.dylib
0x00007fff701b2000 	/usr/lib/system/libsystem_platform.dylib
0x00007fff701bb000 	/usr/lib/system/libsystem_pthread.dylib
0x00007fff701ce000 	/usr/lib/system/libsystem_symptoms.dylib
0x00007fff701d6000 	/usr/lib/system/libsystem_trace.dylib
0x00007fff701ee000 	/usr/lib/system/libunwind.dylib
0x00007fff701f4000 	/usr/lib/system/libxpc.dylib
0x00007fff6d2da000 	/usr/lib/libc++abi.dylib
0x00007fff6e0de000 	/usr/lib/liblzma.5.dylib
0x00007fff6dd59000 	/usr/lib/libfakelink.dylib
0x00007fff6d093000 	/usr/lib/libarchive.2.dylib
0x00007fff43a6a000 	/System/Library/Frameworks/SystemConfiguration.framework/Versions/A/SystemConfiguration
0x00007fff6c9fe000 	/usr/lib/libCRFSuite.dylib
0x00007fff348d1000 	/System/Library/Frameworks/CFNetwork.framework/Versions/A/CFNetwork
0x00007fff6d269000 	/usr/lib/libbsm.0.dylib
0x00007fff6ffda000 	/usr/lib/system/libkxld.dylib
0x00007fff49824000 	/System/Library/PrivateFrameworks/AppleFSCompression.framework/Versions/A/AppleFSCompression
0x00007fff6d5f4000 	/usr/lib/libcoretls.dylib
0x00007fff6d60b000 	/usr/lib/libcoretls_cfhelpers.dylib
0x00007fff6ee47000 	/usr/lib/libpam.2.dylib
0x00007fff6ef7c000 	/usr/lib/libsqlite3.dylib
0x00007fff6f3bb000 	/usr/lib/libxar.1.dylib
0x00007fff6d27a000 	/usr/lib/libbz2.1.0.dylib
0x00007fff6dd7a000 	/usr/lib/libiconv.2.dylib
0x00007fff6d2f0000 	/usr/lib/libcharset.1.dylib
0x00007fff6e8e4000 	/usr/lib/libnetwork.dylib
0x00007fff6ee4e000 	/usr/lib/libpcap.A.dylib
0x00007fff6d048000 	/usr/lib/libapple_nghttp2.dylib
0x00007fff37801000 	/System/Library/Frameworks/CoreServices.framework/Versions/A/Frameworks/FSEvents.framework/Versions/A/FSEvents
0x00007fff374d1000 	/System/Library/Frameworks/CoreServices.framework/Versions/A/Frameworks/CarbonCore.framework/Versions/A/CarbonCore
0x00007fff37a45000 	/System/Library/Frameworks/CoreServices.framework/Versions/A/Frameworks/Metadata.framework/Versions/A/Metadata
0x00007fff37ade000 	/System/Library/Frameworks/CoreServices.framework/Versions/A/Frameworks/OSServices.framework/Versions/A/OSServices
0x00007fff37b0c000 	/System/Library/Frameworks/CoreServices.framework/Versions/A/Frameworks/SearchKit.framework/Versions/A/SearchKit
0x00007fff3744b000 	/System/Library/Frameworks/CoreServices.framework/Versions/A/Frameworks/AE.framework/Versions/A/AE
0x00007fff3780a000 	/System/Library/Frameworks/CoreServices.framework/Versions/A/Frameworks/LaunchServices.framework/Versions/A/LaunchServices
0x00007fff377b3000 	/System/Library/Frameworks/CoreServices.framework/Versions/A/Frameworks/DictionaryServices.framework/Versions/A/DictionaryServices
0x00007fff37b74000 	/System/Library/Frameworks/CoreServices.framework/Versions/A/Frameworks/SharedFileList.framework/Versions/A/SharedFileList
0x00007fff3ca05000 	/System/Library/Frameworks/NetFS.framework/Versions/A/NetFS
0x00007fff5d555000 	/System/Library/PrivateFrameworks/NetAuth.framework/Versions/A/NetAuth
0x00007fff69ede000 	/System/Library/PrivateFrameworks/login.framework/Versions/A/Frameworks/loginsupport.framework/Versions/A/loginsupport
0x00007fff667eb000 	/System/Library/PrivateFrameworks/TCC.framework/Versions/A/TCC
0x00007fff4e455000 	/System/Library/PrivateFrameworks/CoreNLP.framework/Versions/A/CoreNLP
0x00007fff5ca52000 	/System/Library/PrivateFrameworks/MetadataUtilities.framework/Versions/A/MetadataUtilities
0x00007fff6e1b6000 	/usr/lib/libmecabra.dylib
0x00007fff6e10e000 	/usr/lib/libmecab.dylib
0x00007fff6dd6a000 	/usr/lib/libgermantok.dylib
0x00007fff6d02f000 	/usr/lib/libThaiTokenizer.dylib
0x00007fff6ca35000 	/usr/lib/libChineseTokenizer.dylib
0x00007fff31d01000 	/System/Library/Frameworks/Accelerate.framework/Versions/A/Frameworks/vImage.framework/Versions/A/vImage
0x00007fff3316b000 	/System/Library/Frameworks/Accelerate.framework/Versions/A/Frameworks/vecLib.framework/Versions/A/vecLib
0x00007fff330a8000 	/System/Library/Frameworks/Accelerate.framework/Versions/A/Frameworks/vecLib.framework/Versions/A/libvMisc.dylib
0x00007fff32ed0000 	/System/Library/Frameworks/Accelerate.framework/Versions/A/Frameworks/vecLib.framework/Versions/A/libvDSP.dylib
0x00007fff32358000 	/System/Library/Frameworks/Accelerate.framework/Versions/A/Frameworks/vecLib.framework/Versions/A/libBLAS.dylib
0x00007fff32a94000 	/System/Library/Frameworks/Accelerate.framework/Versions/A/Frameworks/vecLib.framework/Versions/A/libLAPACK.dylib
0x00007fff32e30000 	/System/Library/Frameworks/Accelerate.framework/Versions/A/Frameworks/vecLib.framework/Versions/A/libLinearAlgebra.dylib
0x00007fff32ebd000 	/System/Library/Frameworks/Accelerate.framework/Versions/A/Frameworks/vecLib.framework/Versions/A/libSparseBLAS.dylib
0x00007fff32e46000 	/System/Library/Frameworks/Accelerate.framework/Versions/A/Frameworks/vecLib.framework/Versions/A/libQuadrature.dylib
0x00007fff325c0000 	/System/Library/Frameworks/Accelerate.framework/Versions/A/Frameworks/vecLib.framework/Versions/A/libBNNS.dylib
0x00007fff32e4c000 	/System/Library/Frameworks/Accelerate.framework/Versions/A/Frameworks/vecLib.framework/Versions/A/libSparse.dylib
0x00007fff5b5c6000 	/System/Library/PrivateFrameworks/LanguageModeling.framework/Versions/A/LanguageModeling
0x00007fff4de05000 	/System/Library/PrivateFrameworks/CoreEmoji.framework/Versions/A/CoreEmoji
0x00007fff5b6e4000 	/System/Library/PrivateFrameworks/LinguisticData.framework/Versions/A/LinguisticData
0x00007fff5b695000 	/System/Library/PrivateFrameworks/Lexicon.framework/Versions/A/Lexicon
0x00007fff6d2f1000 	/usr/lib/libcmph.dylib
0x00007fff3f5f4000 	/System/Library/Frameworks/OpenDirectory.framework/Versions/A/Frameworks/CFOpenDirectory.framework/Versions/A/CFOpenDirectory
0x00007fff3f611000 	/System/Library/Frameworks/OpenDirectory.framework/Versions/A/OpenDirectory
0x00007fff47a54000 	/System/Library/PrivateFrameworks/APFS.framework/Versions/A/APFS
0x00007fff42d03000 	/System/Library/Frameworks/SecurityFoundation.framework/Versions/A/SecurityFoundation
0x00007fff6f3b7000 	/usr/lib/libutil.dylib
0x00007fff4f33a000 	/System/Library/PrivateFrameworks/CoreServicesStore.framework/Versions/A/CoreServicesStore
0x00007fff42dba000 	/System/Library/Frameworks/ServiceManagement.framework/Versions/A/ServiceManagement
0x00007fff4aff4000 	/System/Library/PrivateFrameworks/BackgroundTaskManagement.framework/Versions/A/BackgroundTaskManagement
0x00007fff6f4b4000 	/usr/lib/libxslt.1.dylib
0x00007fff49e97000 	/System/Library/PrivateFrameworks/AppleSystemInfo.framework/Versions/A/AppleSystemInfo
0x00007fff391a9000 	/System/Library/Frameworks/ImageIO.framework/Versions/A/Resources/libJPEG.dylib
0x00007fff39468000 	/System/Library/Frameworks/ImageIO.framework/Versions/A/Resources/libTIFF.dylib
0x00007fff3944b000 	/System/Library/Frameworks/ImageIO.framework/Versions/A/Resources/libPng.dylib
0x00007fff390eb000 	/System/Library/Frameworks/ImageIO.framework/Versions/A/Resources/libGIF.dylib
0x00007fff390ef000 	/System/Library/Frameworks/ImageIO.framework/Versions/A/Resources/libJP2.dylib
0x00007fff39466000 	/System/Library/Frameworks/ImageIO.framework/Versions/A/Resources/libRadiance.dylib
0x00007fff6dd33000 	/usr/lib/libexpat.1.dylib
0x00007fff4997f000 	/System/Library/PrivateFrameworks/AppleJPEG.framework/Versions/A/AppleJPEG
0x00007fff5263a000 	/System/Library/PrivateFrameworks/FontServices.framework/libFontParser.dylib
0x00007fff68ee0000 	/System/Library/PrivateFrameworks/WatchdogClient.framework/Versions/A/WatchdogClient
0x00007fff5ac21000 	/System/Library/PrivateFrameworks/IOAccelerator.framework/Versions/A/IOAccelerator
0x00007fff3b975000 	/System/Library/Frameworks/MetalPerformanceShaders.framework/Versions/A/MetalPerformanceShaders
0x00007fff573b7000 	/System/Library/PrivateFrameworks/GPUWrangler.framework/Versions/A/GPUWrangler
0x00007fff5ac36000 	/System/Library/PrivateFrameworks/IOPresentment.framework/Versions/A/IOPresentment
0x00007fff4feba000 	/System/Library/PrivateFrameworks/DSExternalDisplay.framework/Versions/A/DSExternalDisplay
0x00007fff3ff85000 	/System/Library/Frameworks/OpenGL.framework/Versions/A/Libraries/libCoreFSCache.dylib
0x00007fff3b6c1000 	/System/Library/Frameworks/MetalPerformanceShaders.framework/Frameworks/MPSCore.framework/Versions/A/MPSCore
0x00007fff3b6ff000 	/System/Library/Frameworks/MetalPerformanceShaders.framework/Frameworks/MPSImage.framework/Versions/A/MPSImage
0x00007fff3b7c6000 	/System/Library/Frameworks/MetalPerformanceShaders.framework/Frameworks/MPSNeuralNetwork.framework/Versions/A/MPSNeuralNetwork
0x00007fff3b78a000 	/System/Library/Frameworks/MetalPerformanceShaders.framework/Frameworks/MPSMatrix.framework/Versions/A/MPSMatrix
0x00007fff3b925000 	/System/Library/Frameworks/MetalPerformanceShaders.framework/Frameworks/MPSRayIntersector.framework/Versions/A/MPSRayIntersector
0x00007fff3b7b0000 	/System/Library/Frameworks/MetalPerformanceShaders.framework/Frameworks/MPSNDArray.framework/Versions/A/MPSNDArray
0x00007fff5ca9f000 	/System/Library/PrivateFrameworks/MetalTools.framework/Versions/A/MetalTools
0x00007fff48c2e000 	/System/Library/PrivateFrameworks/AggregateDictionary.framework/Versions/A/AggregateDictionary
0x00007fff4d84d000 	/System/Library/PrivateFrameworks/CoreAnalytics.framework/Versions/A/CoreAnalytics
0x00007fff49db6000 	/System/Library/PrivateFrameworks/AppleSauce.framework/Versions/A/AppleSauce
0x00007fff6ccf1000 	/usr/lib/libIOReport.dylib
0x00007fff38075000 	/System/Library/Frameworks/CoreVideo.framework/Versions/A/CoreVideo
0x00007fff58830000 	/System/Library/PrivateFrameworks/GraphVisualizer.framework/Versions/A/GraphVisualizer
0x00007fff51b80000 	/System/Library/PrivateFrameworks/FaceCore.framework/Versions/A/FaceCore
0x00007fff3f59b000 	/System/Library/Frameworks/OpenCL.framework/Versions/A/OpenCL
0x00007fff6cb13000 	/usr/lib/libFosl_dynamic.dylib
0x00007fff5df75000 	/System/Library/PrivateFrameworks/OTSVG.framework/Versions/A/OTSVG
0x00007fff3422a000 	/System/Library/Frameworks/ApplicationServices.framework/Versions/A/Frameworks/ATS.framework/Versions/A/Resources/libFontRegistry.dylib
0x00007fff5280b000 	/System/Library/PrivateFrameworks/FontServices.framework/libhvf.dylib
0x00007fff3ff90000 	/System/Library/Frameworks/OpenGL.framework/Versions/A/Libraries/libGFXShared.dylib
0x00007fff4016e000 	/System/Library/Frameworks/OpenGL.framework/Versions/A/Libraries/libGLU.dylib
0x00007fff3ff99000 	/System/Library/Frameworks/OpenGL.framework/Versions/A/Libraries/libGL.dylib
0x00007fff3ffa4000 	/System/Library/Frameworks/OpenGL.framework/Versions/A/Libraries/libGLImage.dylib
0x00007fff3ff82000 	/System/Library/Frameworks/OpenGL.framework/Versions/A/Libraries/libCVMSPluginSupport.dylib
0x00007fff3ff8b000 	/System/Library/Frameworks/OpenGL.framework/Versions/A/Libraries/libCoreVMClient.dylib
0x00007fff6e785000 	/usr/lib/libncurses.5.4.dylib
0x00007fff34126000 	/System/Library/Frameworks/ApplicationServices.framework/Versions/A/Frameworks/ATS.framework/Versions/A/ATS
0x00007fff342f3000 	/System/Library/Frameworks/ApplicationServices.framework/Versions/A/Frameworks/ColorSyncLegacy.framework/Versions/A/ColorSyncLegacy
0x00007fff34391000 	/System/Library/Frameworks/ApplicationServices.framework/Versions/A/Frameworks/HIServices.framework/Versions/A/HIServices
0x00007fff343e9000 	/System/Library/Frameworks/ApplicationServices.framework/Versions/A/Frameworks/LangAnalysis.framework/Versions/A/LangAnalysis
0x00007fff343f8000 	/System/Library/Frameworks/ApplicationServices.framework/Versions/A/Frameworks/PrintCore.framework/Versions/A/PrintCore
0x00007fff3443e000 	/System/Library/Frameworks/ApplicationServices.framework/Versions/A/Frameworks/QD.framework/Versions/A/QD
0x00007fff34449000 	/System/Library/Frameworks/ApplicationServices.framework/Versions/A/Frameworks/SpeechSynthesis.framework/Versions/A/SpeechSynthesis
0x00007fff342c3000 	/System/Library/Frameworks/ApplicationServices.framework/Versions/A/Frameworks/ATSUI.framework/Versions/A/ATSUI
0x00007fff6dbc9000 	/usr/lib/libcups.2.dylib
0x00007fff3aa10000 	/System/Library/Frameworks/Kerberos.framework/Versions/A/Kerberos
0x00007fff38b51000 	/System/Library/Frameworks/GSS.framework/Versions/A/GSS
0x00007fff6ef08000 	/usr/lib/libresolv.9.dylib
0x00007fff589dd000 	/System/Library/PrivateFrameworks/Heimdal.framework/Versions/A/Heimdal
0x00007fff3aa23000 	/System/Library/Frameworks/Kerberos.framework/Versions/A/Libraries/libHeimdalProxy.dylib
0x00007fff6dd70000 	/usr/lib/libheimdal-asn1.dylib
0x00007fff4cce5000 	/System/Library/PrivateFrameworks/CommonAuth.framework/Versions/A/CommonAuth
0x00007fff49f34000 	/System/Library/PrivateFrameworks/AssertionServices.framework/Versions/A/AssertionServices
0x00007fff4aad7000 	/System/Library/PrivateFrameworks/AudioToolboxCore.framework/Versions/A/AudioToolboxCore
0x00007fff69b8e000 	/System/Library/PrivateFrameworks/caulk.framework/Versions/A/caulk
0x00007fff4b0a0000 	/System/Library/PrivateFrameworks/BaseBoard.framework/Versions/A/BaseBoard
0x00007fff621d8000 	/System/Library/PrivateFrameworks/RunningBoardServices.framework/Versions/A/RunningBoardServices
0x00007fff5f1e9000 	/System/Library/PrivateFrameworks/PersistentConnection.framework/Versions/A/PersistentConnection
0x00007fff61bd1000 	/System/Library/PrivateFrameworks/ProtocolBuffer.framework/Versions/A/ProtocolBuffer
0x00007fff4cd09000 	/System/Library/PrivateFrameworks/CommonUtilities.framework/Versions/A/CommonUtilities
0x00007fff4b22e000 	/System/Library/PrivateFrameworks/Bom.framework/Versions/A/Bom
0x00007fff6c9c4000 	/usr/lib/libAudioToolboxUtility.dylib
0x00007fff4affe000 	/System/Library/PrivateFrameworks/Backup.framework/Versions/A/Backup
0x00007fff4fddb000 	/System/Library/PrivateFrameworks/CrashReporterSupport.framework/Versions/A/CrashReporterSupport
0x00007fff63c6a000 	/System/Library/PrivateFrameworks/Sharing.framework/Versions/A/Sharing
0x00007fff49542000 	/System/Library/PrivateFrameworks/Apple80211.framework/Versions/A/Apple80211
0x00007fff4ad1b000 	/System/Library/PrivateFrameworks/AuthKit.framework/Versions/A/AuthKit
0x00007fff4fae8000 	/System/Library/PrivateFrameworks/CoreUtils.framework/Versions/A/CoreUtils
0x00007fff380ba000 	/System/Library/Frameworks/CoreWLAN.framework/Versions/A/CoreWLAN
0x00007fff38cde000 	/System/Library/Frameworks/IOBluetooth.framework/Versions/A/IOBluetooth
0x00007fff5cda4000 	/System/Library/PrivateFrameworks/MobileKeyBag.framework/Versions/A/MobileKeyBag
0x00007fff4e8ed000 	/System/Library/PrivateFrameworks/CorePhoneNumbers.framework/Versions/A/CorePhoneNumbers
0x00007fff49932000 	/System/Library/PrivateFrameworks/AppleIDAuthSupport.framework/Versions/A/AppleIDAuthSupport
0x00007fff3ca12000 	/System/Library/Frameworks/Network.framework/Versions/A/Network
0x00007fff5b472000 	/System/Library/PrivateFrameworks/KeychainCircle.framework/Versions/A/KeychainCircle
0x00007fff35b0b000 	/System/Library/Frameworks/CoreBluetooth.framework/Versions/A/CoreBluetooth
0x00007fff65ce9000 	/System/Library/PrivateFrameworks/SpeechRecognitionCore.framework/Versions/A/SpeechRecognitionCore
0x00007fff290e7000 	/System/Library/CoreServices/Encodings/libJapaneseConverter.dylib
0x0000000105a00000 	/Library/Java/JavaVirtualMachines/adoptopenjdk-11.jdk/Contents/Home/lib/server/libjvm.dylib
0x00000001050a5000 	/Library/Java/JavaVirtualMachines/adoptopenjdk-11.jdk/Contents/Home/lib/libverify.dylib
0x00000001050b6000 	/Library/Java/JavaVirtualMachines/adoptopenjdk-11.jdk/Contents/Home/lib/libjava.dylib
0x00000001050e3000 	/Library/Java/JavaVirtualMachines/adoptopenjdk-11.jdk/Contents/Home/lib/libjimage.dylib
0x00000001050f1000 	/Library/Java/JavaVirtualMachines/adoptopenjdk-11.jdk/Contents/Home/lib/libjdwp.dylib
0x000000010512e000 	/Library/Java/JavaVirtualMachines/adoptopenjdk-11.jdk/Contents/Home/lib/libinstrument.dylib
0x0000000105186000 	/Library/Java/JavaVirtualMachines/adoptopenjdk-11.jdk/Contents/Home/lib/libzip.dylib
0x00000001051f4000 	/Library/Java/JavaVirtualMachines/adoptopenjdk-11.jdk/Contents/Home/lib/libdt_socket.dylib
0x000000010b525000 	/Library/Java/JavaVirtualMachines/adoptopenjdk-11.jdk/Contents/Home/lib/libnio.dylib
0x000000010b538000 	/Library/Java/JavaVirtualMachines/adoptopenjdk-11.jdk/Contents/Home/lib/libnet.dylib
0x000000010b551000 	/Library/Java/JavaVirtualMachines/adoptopenjdk-11.jdk/Contents/Home/lib/libmanagement.dylib
0x000000010b55b000 	/Library/Java/JavaVirtualMachines/adoptopenjdk-11.jdk/Contents/Home/lib/libmanagement_ext.dylib
0x000000010b566000 	/Library/Java/JavaVirtualMachines/adoptopenjdk-11.jdk/Contents/Home/lib/libextnet.dylib
0x000000010b56e000 	/Library/Java/JavaVirtualMachines/adoptopenjdk-11.jdk/Contents/Home/lib/libsunec.dylib


VM Arguments:
jvm_args: -agentlib:jdwp=transport=dt_socket,suspend=y,address=localhost:54269 -Dcom.sun.management.jmxremote -Dcom.sun.management.jmxremote.port=54264 -Dcom.sun.management.jmxremote.authenticate=false -Dcom.sun.management.jmxremote.ssl=false -Djava.rmi.server.hostname=localhost -Dspring.jmx.enabled=true -Dspring.application.admin.enabled=true -Djava.security.egd=file:/dev/./urandom -Xverify:none -XX:TieredStopAtLevel=1 -Dspring.boot.project.name=KintaiKanri -javaagent:/Applications/SpringToolSuite4.app/Contents/Eclipse/configuration/org.eclipse.osgi/255/0/.cp/lib/javaagent-shaded.jar -Dfile.encoding=UTF-8 
java_command: jp.co.senshinsoft.KintaiKanriApplication --spring.output.ansi.enabled=always
java_class_path (initial): /Users/shun/Documents/workspace-spring-tool-suite-4-4.8.0.RELEASE/KintaiKanri_.zip_expanded/KintaiKanri/target/classes:/Users/shun/.m2/repository/org/springframework/boot/spring-boot-starter-thymeleaf/2.3.4.RELEASE/spring-boot-starter-thymeleaf-2.3.4.RELEASE.jar:/Users/shun/.m2/repository/org/springframework/boot/spring-boot-starter/2.3.4.RELEASE/spring-boot-starter-2.3.4.RELEASE.jar:/Users/shun/.m2/repository/org/springframework/boot/spring-boot-starter-logging/2.3.4.RELEASE/spring-boot-starter-logging-2.3.4.RELEASE.jar:/Users/shun/.m2/repository/ch/qos/logback/logback-classic/1.2.3/logback-classic-1.2.3.jar:/Users/shun/.m2/repository/ch/qos/logback/logback-core/1.2.3/logback-core-1.2.3.jar:/Users/shun/.m2/repository/org/apache/logging/log4j/log4j-to-slf4j/2.13.3/log4j-to-slf4j-2.13.3.jar:/Users/shun/.m2/repository/org/apache/logging/log4j/log4j-api/2.13.3/log4j-api-2.13.3.jar:/Users/shun/.m2/repository/org/slf4j/jul-to-slf4j/1.7.30/jul-to-slf4j-1.7.30.jar:/Users/shun/.m2/repository/jakarta/annotation/jakarta.annotation-api/1.3.5/jakarta.annotation-api-1.3.5.jar:/Users/shun/.m2/repository/org/yaml/snakeyaml/1.26/snakeyaml-1.26.jar:/Users/shun/.m2/repository/org/thymeleaf/thymeleaf-spring5/3.0.11.RELEASE/thymeleaf-spring5-3.0.11.RELEASE.jar:/Users/shun/.m2/repository/org/thymeleaf/thymeleaf/3.0.11.RELEASE/thymeleaf-3.0.11.RELEASE.jar:/Users/shun/.m2/repository/org/attoparser/attoparser/2.0.5.RELEASE/attoparser-2.0.5.RELEASE.jar:/Users/shun/.m2/repository/org/unbescape/unbescape/1.1.6.RELEASE/unbescape-1.1.6.RELEASE.jar:/Users/shun/.m2/repository/org/thymeleaf/extras/thymeleaf-extras-java8time/3.0.4.RELEASE/thymeleaf-extras-java8time-3.0.4.RELEASE.jar:/Users/shun/.m2/repository/org/springframework/boot/spring-boot-starter-validation/2.3.4.RELEASE/spring-boot-starter-validation-2.3.4.RELEASE.jar:/Users/shun/.m2/repository/org/glassfish/jakarta.el/3.0.3/jakarta.el-3.0.3.jar:/Users/shun/.m2/repository/org/hibernate/validator/hibernate-
Launcher Type: SUN_STANDARD

[Global flags]
     bool BytecodeVerificationLocal                = false                                     {product} {command line}
     bool BytecodeVerificationRemote               = false                                     {product} {command line}
     intx CICompilerCount                          = 3                                         {product} {ergonomic}
     uint ConcGCThreads                            = 1                                         {product} {ergonomic}
     uint G1ConcRefinementThreads                  = 4                                         {product} {ergonomic}
   size_t G1HeapRegionSize                         = 1048576                                   {product} {ergonomic}
    uintx GCDrainStackTargetSize                   = 64                                        {product} {ergonomic}
   size_t InitialHeapSize                          = 134217728                                 {product} {ergonomic}
     bool ManagementServer                         = true                                      {product} {command line}
   size_t MarkStackSize                            = 4194304                                   {product} {ergonomic}
   size_t MaxHeapSize                              = 2147483648                                {product} {ergonomic}
   size_t MaxNewSize                               = 1287651328                                {product} {ergonomic}
   size_t MinHeapDeltaBytes                        = 1048576                                   {product} {ergonomic}
    uintx NonNMethodCodeHeapSize                   = 6973028                                {pd product} {ergonomic}
    uintx NonProfiledCodeHeapSize                  = 244685212                              {pd product} {ergonomic}
    uintx ProfiledCodeHeapSize                     = 0                                      {pd product} {ergonomic}
    uintx ReservedCodeCacheSize                    = 251658240                              {pd product} {ergonomic}
     bool SegmentedCodeCache                       = true                                      {product} {ergonomic}
     intx TieredStopAtLevel                        = 1                                         {product} {command line}
     bool UseCompressedClassPointers               = true                                 {lp64_product} {ergonomic}
     bool UseCompressedOops                        = true                                 {lp64_product} {ergonomic}
     bool UseG1GC                                  = true                                      {product} {ergonomic}

Logging:
Log output configuration:
 #0: stdout all=warning uptime,level,tags
 #1: stderr all=off uptime,level,tags

Environment Variables:
PATH=/usr/bin:/bin:/usr/sbin:/sbin
SHELL=/bin/zsh

Signal Handlers:
SIGSEGV: [libjvm.dylib+0x74285a], sa_mask[0]=11111111011111110111111111111111, sa_flags=SA_ONSTACK|SA_RESTART|SA_SIGINFO
SIGBUS: [libjvm.dylib+0x74285a], sa_mask[0]=11111111011111110111111111111111, sa_flags=SA_RESTART|SA_SIGINFO
SIGFPE: [libjvm.dylib+0x74285a], sa_mask[0]=11111111011111110111111111111111, sa_flags=SA_RESTART|SA_SIGINFO
SIGPIPE: [libjvm.dylib+0x5f43ab], sa_mask[0]=11111111011111110111111111111111, sa_flags=SA_RESTART|SA_SIGINFO
SIGXFSZ: [libjvm.dylib+0x5f43ab], sa_mask[0]=11111111011111110111111111111111, sa_flags=SA_RESTART|SA_SIGINFO
SIGILL: [libjvm.dylib+0x74285a], sa_mask[0]=11111111011111110111111111111111, sa_flags=SA_RESTART|SA_SIGINFO
SIGUSR2: [libjvm.dylib+0x5f4993], sa_mask[0]=00100000000000000000000000000000, sa_flags=SA_RESTART|SA_SIGINFO
SIGHUP: [libjvm.dylib+0x5f34d9], sa_mask[0]=11111111011111110111111111111111, sa_flags=SA_RESTART|SA_SIGINFO
SIGINT: [libjvm.dylib+0x5f34d9], sa_mask[0]=11111111011111110111111111111111, sa_flags=SA_RESTART|SA_SIGINFO
SIGTERM: [libjvm.dylib+0x5f34d9], sa_mask[0]=11111111011111110111111111111111, sa_flags=SA_RESTART|SA_SIGINFO
SIGQUIT: [libjvm.dylib+0x5f34d9], sa_mask[0]=11111111011111110111111111111111, sa_flags=SA_RESTART|SA_SIGINFO


---------------  S Y S T E M  ---------------

OS:uname:Darwin 19.6.0 Darwin Kernel Version 19.6.0: Mon Aug 31 22:12:52 PDT 2020; root:xnu-6153.141.2~1/RELEASE_X86_64 x86_64
OS uptime: 2 days 17:01 hours
rlimit (soft/hard): STACK 8192k/65532k , CORE 0k/infinity , NPROC 1392/2088 , NOFILE 10240/infinity , AS infinity/infinity , CPU infinity/infinity , DATA infinity/infinity , FSIZE infinity/infinity , MEMLOCK infinity/infinity , RSS infinity/infinity
load average:1.22 1.80 2.14

CPU:total 4 (initial active 4) (2 cores per cpu, 2 threads per core) family 6 model 142 stepping 9, cmov, cx8, fxsr, mmx, sse, sse2, sse3, ssse3, sse4.1, sse4.2, popcnt, avx, avx2, aes, clmul, erms, rtm, 3dnowpref, lzcnt, ht, tsc, tscinvbit, bmi1, bmi2, adx, fma

Memory: 4k page, physical 8388608k(339716k free), swap 2097152k(1485824k free)

vm_info: OpenJDK 64-Bit Server VM (11.0.8+10) for bsd-amd64 JRE (11.0.8+10), built on Jul 15 2020 09:55:29 by "jenkins" with gcc 4.2.1 Compatible Apple LLVM 10.0.1 (clang-1001.0.46.4)

END.
